#
# There is insufficient memory for the Java Runtime Environment to continue.
# Native memory allocation (malloc) failed to allocate 251520 bytes for Chunk::new
# Possible reasons:
#   The system is out of physical RAM or swap space
#   The process is running with CompressedOops enabled, and the Java Heap may be blocking the growth of the native heap
# Possible solutions:
#   Reduce memory load on the system
#   Increase physical memory or swap space
#   Check if swap backing store is full
#   Decrease Java heap size (-Xmx/-Xms)
#   Decrease number of Java threads
#   Decrease Java thread stack sizes (-Xss)
#   Set larger code cache with -XX:ReservedCodeCacheSize=
#   JVM is running with Zero Based Compressed Oops mode in which the Java heap is
#     placed in the first 32GB address space. The Java Heap base address is the
#     maximum limit for the native heap growth. Please use -XX:HeapBaseMinAddress
#     to set the Java Heap base and to place the Java Heap above 32GB virtual address.
# This output file may be truncated or incomplete.
#
#  Out of Memory Error (arena.cpp:189), pid=17992, tid=1848
#
# JRE version: OpenJDK Runtime Environment (17.0.7) (build 17.0.7+0-b2043.56-10550314)
# Java VM: OpenJDK 64-Bit Server VM (17.0.7+0-b2043.56-10550314, mixed mode, tiered, compressed oops, compressed class ptrs, g1 gc, windows-amd64)
# No core dump will be written. Minidumps are not enabled by default on client versions of Windows
#

---------------  S U M M A R Y ------------

Command Line: --add-opens=java.base/java.util=ALL-UNNAMED --add-opens=java.base/java.lang=ALL-UNNAMED --add-opens=java.base/java.lang.invoke=ALL-UNNAMED --add-opens=java.prefs/java.util.prefs=ALL-UNNAMED --add-opens=java.base/java.nio.charset=ALL-UNNAMED --add-opens=java.base/java.net=ALL-UNNAMED --add-opens=java.base/java.util.concurrent.atomic=ALL-UNNAMED -Xmx4608m -Dfile.encoding=UTF-8 -Duser.country=US -Duser.language=en -Duser.variant -javaagent:C:\Users\LENOVO\.gradle\wrapper\dists\gradle-8.2-bin\bbg7u40eoinfdyxsxr3z4i7ta\gradle-8.2\lib\agents\gradle-instrumentation-agent-8.2.jar org.gradle.launcher.daemon.bootstrap.GradleDaemon 8.2

Host: 11th Gen Intel(R) Core(TM) i5-1135G7 @ 2.40GHz, 8 cores, 19G,  Windows 11 , 64 bit Build 22621 (10.0.22621.4391)
Time: Wed Dec 25 13:08:34 2024 SE Asia Standard Time elapsed time: 34.404991 seconds (0d 0h 0m 34s)

---------------  T H R E A D  ---------------

Current thread (0x0000014cd4a1d870):  JavaThread "C2 CompilerThread2" daemon [_thread_in_native, id=1848, stack(0x0000004c7b700000,0x0000004c7b800000)]


Current CompileTask:
C2:  34405 15869       4       org.gradle.internal.classloader.ConfigurableClassLoaderHierarchyHasher$Visitor::addToHash (86 bytes)

Stack: [0x0000004c7b700000,0x0000004c7b800000]
Native frames: (J=compiled Java code, j=interpreted, Vv=VM code, C=native code)
V  [jvm.dll+0x683bfa]
V  [jvm.dll+0x8430a4]
V  [jvm.dll+0x8449be]
V  [jvm.dll+0x845023]
V  [jvm.dll+0x24ad2f]
V  [jvm.dll+0xac25c]
V  [jvm.dll+0xac82c]
V  [jvm.dll+0x36a187]
V  [jvm.dll+0x1bdf52]
V  [jvm.dll+0x21d3a9]
V  [jvm.dll+0x21c671]
V  [jvm.dll+0x1a605d]
V  [jvm.dll+0x22c148]
V  [jvm.dll+0x22a209]
V  [jvm.dll+0x7f858c]
V  [jvm.dll+0x7f2aea]
V  [jvm.dll+0x682a35]
C  [ucrtbase.dll+0x29333]
C  [KERNEL32.DLL+0x1259d]
C  [ntdll.dll+0x5af38]


---------------  P R O C E S S  ---------------

Threads class SMR info:
_java_thread_list=0x0000014cd38ec890, length=163, elements={
0x0000014cae3daa80, 0x0000014cce143720, 0x0000014cce1452e0, 0x0000014cce13f780,
0x0000014cce140140, 0x0000014cce2ce610, 0x0000014cce2d0fd0, 0x0000014cce2d1cb0,
0x0000014cce2d2750, 0x0000014cce2db150, 0x0000014cce470700, 0x0000014cce51b6d0,
0x0000014cd396b0b0, 0x0000014cd424b080, 0x0000014cce838910, 0x0000014cd36dd8d0,
0x0000014cd4fa9b40, 0x0000014cce88a730, 0x0000014cce8898c0, 0x0000014cce889d90,
0x0000014cce88b5a0, 0x0000014cce88ba70, 0x0000014cce88bf40, 0x0000014cce888f20,
0x0000014cce88c410, 0x0000014cce8893f0, 0x0000014cce88c8e0, 0x0000014cd42a8320,
0x0000014cd42ac680, 0x0000014cd42a7980, 0x0000014cd42a6640, 0x0000014cd42a87f0,
0x0000014cd42ab340, 0x0000014cd42a6b10, 0x0000014cd42a8cc0, 0x0000014cd42aae70,
0x0000014cd42ab810, 0x0000014cd42a74b0, 0x0000014cd42ade90, 0x0000014cd42ad4f0,
0x0000014cd42a7e50, 0x0000014cd42a9660, 0x0000014cd42aa000, 0x0000014cd42a9b30,
0x0000014cd42aa9a0, 0x0000014cd42abce0, 0x0000014cd42ad9c0, 0x0000014cd42ac1b0,
0x0000014cd42acb50, 0x0000014cd97cece0, 0x0000014cd97c9fe0, 0x0000014cd97cde70,
0x0000014cd97ccb30, 0x0000014cd97ce810, 0x0000014cd97d1830, 0x0000014cd97cb320,
0x0000014cd97cc660, 0x0000014cd97cd4d0, 0x0000014cd93ef2c0, 0x0000014cd93eb430,
0x0000014cd93ea5c0, 0x0000014cd93ee920, 0x0000014cd93ed5e0, 0x0000014cd93ef790,
0x0000014cd93edab0, 0x0000014cd93f0fa0, 0x0000014cd93f0130, 0x0000014cd93eb900,
0x0000014cd93efc60, 0x0000014cd93ebdd0, 0x0000014cd93ee450, 0x0000014cd93ea0f0,
0x0000014cd77a31e0, 0x0000014cd77a2d10, 0x0000014cd77a4520, 0x0000014cd77a36b0,
0x0000014cd77a3b80, 0x0000014cd77a4050, 0x0000014cd67a6530, 0x0000014cda85d900,
0x0000014cda85ddd0, 0x0000014cda85cf60, 0x0000014cda85c5c0, 0x0000014cda85d430,
0x0000014cda85ca90, 0x0000014cda4e96a0, 0x0000014cdacbd300, 0x0000014cd98a6dc0,
0x0000014cd98a7c30, 0x0000014cd98a7290, 0x0000014cd98a85d0, 0x0000014cd98a8100,
0x0000014cd98a7760, 0x0000014cd3429a20, 0x0000014cd67a73a0, 0x0000014cd67a6ed0,
0x0000014cd67a5b90, 0x0000014cd67a6a00, 0x0000014cd93edf80, 0x0000014cd93eedf0,
0x0000014cd93ec2a0, 0x0000014cd93f1470, 0x0000014cda4e74f0, 0x0000014cda4e9b70,
0x0000014cda4e8d00, 0x0000014cd3426060, 0x0000014cd34286e0, 0x0000014cd3429550,
0x0000014cd3426a00, 0x0000014cd5475dd0, 0x0000014cd5474f60, 0x0000014cd54762a0,
0x0000014cd5475430, 0x0000014cd5474a90, 0x0000014cd5475900, 0x0000014cda50a8f0,
0x0000014cda509f50, 0x0000014cda50bc30, 0x0000014cda50a420, 0x0000014cda50d910,
0x0000014cda50adc0, 0x0000014cda50cf70, 0x0000014cda50d440, 0x0000014cd98ac490,
0x0000014cd98ac960, 0x0000014cd98ad300, 0x0000014cda50b290, 0x0000014cda50c5d0,
0x0000014cd93e26f0, 0x0000014cd93e3a30, 0x0000014cda50b760, 0x0000014cda50c100,
0x0000014cda50caa0, 0x0000014cd93ecc40, 0x0000014cd93f0600, 0x0000014cd93ed110,
0x0000014cd93f0ad0, 0x0000014cd54d8c80, 0x0000014cd54dae30, 0x0000014cda4ea510,
0x0000014cd7129700, 0x0000014cd7e8f090, 0x0000014cd7e8ebc0, 0x0000014cdacbe170,
0x0000014cdacbeb10, 0x0000014cd3428210, 0x0000014cdacbd7d0, 0x0000014cda667ed0,
0x0000014cda6683a0, 0x0000014cda666b90, 0x0000014cda668d40, 0x0000014cda667a00,
0x0000014cda669210, 0x0000014cda668870, 0x0000014cd93e3560, 0x0000014cd712aa40,
0x0000014cd3426530, 0x0000014cd3427d40, 0x0000014cd3429080, 0x0000014cd3426ed0,
0x0000014cd67a6060, 0x0000014cd4a20b10, 0x0000014cd4a1d870
}

Java Threads: ( => current thread )
  0x0000014cae3daa80 JavaThread "main" [_thread_blocked, id=11060, stack(0x0000004c71000000,0x0000004c71100000)]
  0x0000014cce143720 JavaThread "Reference Handler" daemon [_thread_blocked, id=22180, stack(0x0000004c71700000,0x0000004c71800000)]
  0x0000014cce1452e0 JavaThread "Finalizer" daemon [_thread_blocked, id=9452, stack(0x0000004c71800000,0x0000004c71900000)]
  0x0000014cce13f780 JavaThread "Signal Dispatcher" daemon [_thread_blocked, id=4508, stack(0x0000004c71900000,0x0000004c71a00000)]
  0x0000014cce140140 JavaThread "Attach Listener" daemon [_thread_blocked, id=25448, stack(0x0000004c71a00000,0x0000004c71b00000)]
  0x0000014cce2ce610 JavaThread "Service Thread" daemon [_thread_blocked, id=7132, stack(0x0000004c71b00000,0x0000004c71c00000)]
  0x0000014cce2d0fd0 JavaThread "Monitor Deflation Thread" daemon [_thread_blocked, id=17344, stack(0x0000004c71c00000,0x0000004c71d00000)]
  0x0000014cce2d1cb0 JavaThread "C2 CompilerThread0" daemon [_thread_in_native, id=11444, stack(0x0000004c71d00000,0x0000004c71e00000)]
  0x0000014cce2d2750 JavaThread "C1 CompilerThread0" daemon [_thread_in_vm, id=1352, stack(0x0000004c71e00000,0x0000004c71f00000)]
  0x0000014cce2db150 JavaThread "Sweeper thread" daemon [_thread_blocked, id=27456, stack(0x0000004c71f00000,0x0000004c72000000)]
  0x0000014cce470700 JavaThread "Common-Cleaner" daemon [_thread_blocked, id=9460, stack(0x0000004c72000000,0x0000004c72100000)]
  0x0000014cce51b6d0 JavaThread "Notification Thread" daemon [_thread_blocked, id=8448, stack(0x0000004c72100000,0x0000004c72200000)]
  0x0000014cd396b0b0 JavaThread "Daemon health stats" [_thread_blocked, id=14828, stack(0x0000004c72b00000,0x0000004c72c00000)]
  0x0000014cd424b080 JavaThread "Incoming local TCP Connector on port 50849" [_thread_in_native, id=16036, stack(0x0000004c72c00000,0x0000004c72d00000)]
  0x0000014cce838910 JavaThread "Daemon periodic checks" [_thread_blocked, id=10612, stack(0x0000004c72400000,0x0000004c72500000)]
  0x0000014cd36dd8d0 JavaThread "Daemon" [_thread_blocked, id=21456, stack(0x0000004c72d00000,0x0000004c72e00000)]
  0x0000014cd4fa9b40 JavaThread "Handler for socket connection from /127.0.0.1:50849 to /127.0.0.1:50851" [_thread_in_native, id=12844, stack(0x0000004c72e00000,0x0000004c72f00000)]
  0x0000014cce88a730 JavaThread "Cancel handler" [_thread_blocked, id=13456, stack(0x0000004c72f00000,0x0000004c73000000)]
  0x0000014cce8898c0 JavaThread "Daemon worker" [_thread_blocked, id=2640, stack(0x0000004c73000000,0x0000004c73100000)]
  0x0000014cce889d90 JavaThread "Asynchronous log dispatcher for DefaultDaemonConnection: socket connection from /127.0.0.1:50849 to /127.0.0.1:50851" [_thread_blocked, id=17972, stack(0x0000004c73100000,0x0000004c73200000)]
  0x0000014cce88b5a0 JavaThread "Stdin handler" [_thread_blocked, id=22340, stack(0x0000004c73200000,0x0000004c73300000)]
  0x0000014cce88ba70 JavaThread "Daemon client event forwarder" [_thread_blocked, id=25488, stack(0x0000004c73300000,0x0000004c73400000)]
  0x0000014cce88bf40 JavaThread "Cache worker for journal cache (C:\Users\LENOVO\.gradle\caches\journal-1)" [_thread_blocked, id=1192, stack(0x0000004c73600000,0x0000004c73700000)]
  0x0000014cce888f20 JavaThread "File lock request listener" [_thread_in_native, id=11136, stack(0x0000004c73700000,0x0000004c73800000)]
  0x0000014cce88c410 JavaThread "Cache worker for file hash cache (C:\Users\LENOVO\.gradle\caches\8.2\fileHashes)" [_thread_blocked, id=28424, stack(0x0000004c73800000,0x0000004c73900000)]
  0x0000014cce8893f0 JavaThread "File watcher server" daemon [_thread_in_native, id=3160, stack(0x0000004c73a00000,0x0000004c73b00000)]
  0x0000014cce88c8e0 JavaThread "File watcher consumer" daemon [_thread_blocked, id=13636, stack(0x0000004c73b00000,0x0000004c73c00000)]
  0x0000014cd42a8320 JavaThread "Cache worker for checksums cache (C:\Users\LENOVO\AndroidStudioProjects\simeta-mobile-app-howl\.gradle\8.2\checksums)" [_thread_blocked, id=11496, stack(0x0000004c73c00000,0x0000004c73d00000)]
  0x0000014cd42ac680 JavaThread "Cache worker for cache directory md-rule (C:\Users\LENOVO\.gradle\caches\8.2\md-rule)" [_thread_blocked, id=7060, stack(0x0000004c73d00000,0x0000004c73e00000)]
  0x0000014cd42a7980 JavaThread "Cache worker for file content cache (C:\Users\LENOVO\.gradle\caches\8.2\fileContent)" [_thread_blocked, id=7360, stack(0x0000004c73e00000,0x0000004c73f00000)]
  0x0000014cd42a6640 JavaThread "Cache worker for file hash cache (C:\Users\LENOVO\AndroidStudioProjects\simeta-mobile-app-howl\.gradle\8.2\fileHashes)" [_thread_blocked, id=17964, stack(0x0000004c73f00000,0x0000004c74000000)]
  0x0000014cd42a87f0 JavaThread "Cache worker for cache directory md-supplier (C:\Users\LENOVO\.gradle\caches\8.2\md-supplier)" [_thread_blocked, id=25056, stack(0x0000004c74000000,0x0000004c74100000)]
  0x0000014cd42ab340 JavaThread "Cache worker for execution history cache (C:\Users\LENOVO\.gradle\caches\8.2\executionHistory)" [_thread_blocked, id=25284, stack(0x0000004c74100000,0x0000004c74200000)]
  0x0000014cd42a6b10 JavaThread "jar transforms" [_thread_blocked, id=22016, stack(0x0000004c74200000,0x0000004c74300000)]
  0x0000014cd42a8cc0 JavaThread "jar transforms Thread 2" [_thread_blocked, id=11376, stack(0x0000004c74300000,0x0000004c74400000)]
  0x0000014cd42aae70 JavaThread "Cache worker for kotlin-dsl (C:\Users\LENOVO\.gradle\caches\8.2\kotlin-dsl)" [_thread_blocked, id=23952, stack(0x0000004c74400000,0x0000004c74500000)]
  0x0000014cd42ab810 JavaThread "jar transforms Thread 3" [_thread_blocked, id=21568, stack(0x0000004c74500000,0x0000004c74600000)]
  0x0000014cd42a74b0 JavaThread "jar transforms Thread 4" [_thread_blocked, id=4856, stack(0x0000004c74600000,0x0000004c74700000)]
  0x0000014cd42ade90 JavaThread "jar transforms Thread 5" [_thread_blocked, id=18684, stack(0x0000004c74700000,0x0000004c74800000)]
  0x0000014cd42ad4f0 JavaThread "jar transforms Thread 6" [_thread_blocked, id=24224, stack(0x0000004c74800000,0x0000004c74900000)]
  0x0000014cd42a7e50 JavaThread "Cache worker for dependencies-accessors (C:\Users\LENOVO\AndroidStudioProjects\simeta-mobile-app-howl\.gradle\8.2\dependencies-accessors)" [_thread_blocked, id=25540, stack(0x0000004c74900000,0x0000004c74a00000)]
  0x0000014cd42a9660 JavaThread "Cache worker for Build Output Cleanup Cache (C:\Users\LENOVO\AndroidStudioProjects\simeta-mobile-app-howl\.gradle\buildOutputCleanup)" [_thread_blocked, id=19484, stack(0x0000004c74a00000,0x0000004c74b00000)]
  0x0000014cd42aa000 JavaThread "jar transforms Thread 7" [_thread_blocked, id=21852, stack(0x0000004c74b00000,0x0000004c74c00000)]
  0x0000014cd42a9b30 JavaThread "jar transforms Thread 8" [_thread_blocked, id=24324, stack(0x0000004c74c00000,0x0000004c74d00000)]
  0x0000014cd42aa9a0 JavaThread "Unconstrained build operations" [_thread_blocked, id=23072, stack(0x0000004c74d00000,0x0000004c74e00000)]
  0x0000014cd42abce0 JavaThread "Unconstrained build operations Thread 2" [_thread_blocked, id=4536, stack(0x0000004c74e00000,0x0000004c74f00000)]
  0x0000014cd42ad9c0 JavaThread "Unconstrained build operations Thread 3" [_thread_blocked, id=2832, stack(0x0000004c74f00000,0x0000004c75000000)]
  0x0000014cd42ac1b0 JavaThread "Unconstrained build operations Thread 4" [_thread_blocked, id=25844, stack(0x0000004c75000000,0x0000004c75100000)]
  0x0000014cd42acb50 JavaThread "Unconstrained build operations Thread 5" [_thread_blocked, id=17056, stack(0x0000004c75100000,0x0000004c75200000)]
  0x0000014cd97cece0 JavaThread "Unconstrained build operations Thread 6" [_thread_blocked, id=22828, stack(0x0000004c75200000,0x0000004c75300000)]
  0x0000014cd97c9fe0 JavaThread "Unconstrained build operations Thread 7" [_thread_blocked, id=11172, stack(0x0000004c75300000,0x0000004c75400000)]
  0x0000014cd97cde70 JavaThread "build event listener" [_thread_blocked, id=19900, stack(0x0000004c75600000,0x0000004c75700000)]
  0x0000014cd97ccb30 JavaThread "Memory manager" [_thread_blocked, id=27656, stack(0x0000004c75700000,0x0000004c75800000)]
  0x0000014cd97ce810 JavaThread "build event listener" [_thread_blocked, id=6880, stack(0x0000004c75800000,0x0000004c75900000)]
  0x0000014cd97d1830 JavaThread "pool-3-thread-1" [_thread_blocked, id=8896, stack(0x0000004c75a00000,0x0000004c75b00000)]
  0x0000014cd97cb320 JavaThread "build event listener" [_thread_blocked, id=19016, stack(0x0000004c75b00000,0x0000004c75c00000)]
  0x0000014cd97cc660 JavaThread "included builds" [_thread_blocked, id=14296, stack(0x0000004c75c00000,0x0000004c75d00000)]
  0x0000014cd97cd4d0 JavaThread "Execution worker" [_thread_blocked, id=14176, stack(0x0000004c75d00000,0x0000004c75e00000)]
  0x0000014cd93ef2c0 JavaThread "Execution worker Thread 2" [_thread_blocked, id=23912, stack(0x0000004c75e00000,0x0000004c75f00000)]
  0x0000014cd93eb430 JavaThread "Execution worker Thread 3" [_thread_blocked, id=23188, stack(0x0000004c75f00000,0x0000004c76000000)]
  0x0000014cd93ea5c0 JavaThread "Execution worker Thread 4" [_thread_blocked, id=26440, stack(0x0000004c76000000,0x0000004c76100000)]
  0x0000014cd93ee920 JavaThread "Execution worker Thread 5" [_thread_blocked, id=25096, stack(0x0000004c76100000,0x0000004c76200000)]
  0x0000014cd93ed5e0 JavaThread "Execution worker Thread 6" [_thread_blocked, id=10424, stack(0x0000004c76200000,0x0000004c76300000)]
  0x0000014cd93ef790 JavaThread "Execution worker Thread 7" [_thread_blocked, id=20348, stack(0x0000004c76300000,0x0000004c76400000)]
  0x0000014cd93edab0 JavaThread "Cache worker for execution history cache (C:\Users\LENOVO\AndroidStudioProjects\simeta-mobile-app-howl\.gradle\8.2\executionHistory)" [_thread_blocked, id=17868, stack(0x0000004c76400000,0x0000004c76500000)]
  0x0000014cd93f0fa0 JavaThread "Unconstrained build operations Thread 8" [_thread_blocked, id=23800, stack(0x0000004c76500000,0x0000004c76600000)]
  0x0000014cd93f0130 JavaThread "Unconstrained build operations Thread 9" [_thread_blocked, id=17004, stack(0x0000004c76600000,0x0000004c76700000)]
  0x0000014cd93eb900 JavaThread "Unconstrained build operations Thread 10" [_thread_blocked, id=20784, stack(0x0000004c76700000,0x0000004c76800000)]
  0x0000014cd93efc60 JavaThread "Unconstrained build operations Thread 11" [_thread_blocked, id=25124, stack(0x0000004c76800000,0x0000004c76900000)]
  0x0000014cd93ebdd0 JavaThread "Unconstrained build operations Thread 12" [_thread_blocked, id=22712, stack(0x0000004c76900000,0x0000004c76a00000)]
  0x0000014cd93ee450 JavaThread "Unconstrained build operations Thread 13" [_thread_blocked, id=19388, stack(0x0000004c76a00000,0x0000004c76b00000)]
  0x0000014cd93ea0f0 JavaThread "Unconstrained build operations Thread 14" [_thread_blocked, id=19112, stack(0x0000004c76b00000,0x0000004c76c00000)]
  0x0000014cd77a31e0 JavaThread "Unconstrained build operations Thread 15" [_thread_blocked, id=24176, stack(0x0000004c76c00000,0x0000004c76d00000)]
  0x0000014cd77a2d10 JavaThread "Unconstrained build operations Thread 16" [_thread_blocked, id=2512, stack(0x0000004c76d00000,0x0000004c76e00000)]
  0x0000014cd77a4520 JavaThread "Unconstrained build operations Thread 17" [_thread_blocked, id=27900, stack(0x0000004c76e00000,0x0000004c76f00000)]
  0x0000014cd77a36b0 JavaThread "Unconstrained build operations Thread 18" [_thread_blocked, id=5856, stack(0x0000004c76f00000,0x0000004c77000000)]
  0x0000014cd77a3b80 JavaThread "Unconstrained build operations Thread 19" [_thread_blocked, id=4008, stack(0x0000004c77000000,0x0000004c77100000)]
  0x0000014cd77a4050 JavaThread "Unconstrained build operations Thread 20" [_thread_blocked, id=25888, stack(0x0000004c77100000,0x0000004c77200000)]
  0x0000014cd67a6530 JavaThread "Unconstrained build operations Thread 21" [_thread_blocked, id=24332, stack(0x0000004c77200000,0x0000004c77300000)]
  0x0000014cda85d900 JavaThread "Unconstrained build operations Thread 22" [_thread_blocked, id=20680, stack(0x0000004c77300000,0x0000004c77400000)]
  0x0000014cda85ddd0 JavaThread "Unconstrained build operations Thread 23" [_thread_blocked, id=26012, stack(0x0000004c77400000,0x0000004c77500000)]
  0x0000014cda85cf60 JavaThread "Unconstrained build operations Thread 24" [_thread_blocked, id=23280, stack(0x0000004c77500000,0x0000004c77600000)]
  0x0000014cda85c5c0 JavaThread "Unconstrained build operations Thread 25" [_thread_blocked, id=23420, stack(0x0000004c77600000,0x0000004c77700000)]
  0x0000014cda85d430 JavaThread "Unconstrained build operations Thread 26" [_thread_blocked, id=10760, stack(0x0000004c77700000,0x0000004c77800000)]
  0x0000014cda85ca90 JavaThread "Unconstrained build operations Thread 27" [_thread_blocked, id=12504, stack(0x0000004c77800000,0x0000004c77900000)]
  0x0000014cda4e96a0 JavaThread "Unconstrained build operations Thread 28" [_thread_blocked, id=16220, stack(0x0000004c77900000,0x0000004c77a00000)]
  0x0000014cdacbd300 JavaThread "Unconstrained build operations Thread 29" [_thread_blocked, id=28164, stack(0x0000004c77a00000,0x0000004c77b00000)]
  0x0000014cd98a6dc0 JavaThread "Unconstrained build operations Thread 30" [_thread_blocked, id=23020, stack(0x0000004c77b00000,0x0000004c77c00000)]
  0x0000014cd98a7c30 JavaThread "Unconstrained build operations Thread 31" [_thread_blocked, id=8080, stack(0x0000004c77c00000,0x0000004c77d00000)]
  0x0000014cd98a7290 JavaThread "Unconstrained build operations Thread 32" [_thread_blocked, id=18900, stack(0x0000004c77d00000,0x0000004c77e00000)]
  0x0000014cd98a85d0 JavaThread "Unconstrained build operations Thread 33" [_thread_blocked, id=3900, stack(0x0000004c77e00000,0x0000004c77f00000)]
  0x0000014cd98a8100 JavaThread "Unconstrained build operations Thread 34" [_thread_blocked, id=24912, stack(0x0000004c77f00000,0x0000004c78000000)]
  0x0000014cd98a7760 JavaThread "Unconstrained build operations Thread 35" [_thread_blocked, id=19560, stack(0x0000004c78000000,0x0000004c78100000)]
  0x0000014cd3429a20 JavaThread "Unconstrained build operations Thread 36" [_thread_blocked, id=27424, stack(0x0000004c78100000,0x0000004c78200000)]
  0x0000014cd67a73a0 JavaThread "Unconstrained build operations Thread 37" [_thread_blocked, id=14096, stack(0x0000004c78200000,0x0000004c78300000)]
  0x0000014cd67a6ed0 JavaThread "Unconstrained build operations Thread 38" [_thread_blocked, id=25228, stack(0x0000004c78300000,0x0000004c78400000)]
  0x0000014cd67a5b90 JavaThread "Unconstrained build operations Thread 39" [_thread_blocked, id=22656, stack(0x0000004c78400000,0x0000004c78500000)]
  0x0000014cd67a6a00 JavaThread "Unconstrained build operations Thread 40" [_thread_blocked, id=23108, stack(0x0000004c78500000,0x0000004c78600000)]
  0x0000014cd93edf80 JavaThread "Unconstrained build operations Thread 41" [_thread_blocked, id=21592, stack(0x0000004c78600000,0x0000004c78700000)]
  0x0000014cd93eedf0 JavaThread "Unconstrained build operations Thread 42" [_thread_blocked, id=27336, stack(0x0000004c78700000,0x0000004c78800000)]
  0x0000014cd93ec2a0 JavaThread "Unconstrained build operations Thread 43" [_thread_blocked, id=26724, stack(0x0000004c78800000,0x0000004c78900000)]
  0x0000014cd93f1470 JavaThread "Unconstrained build operations Thread 44" [_thread_blocked, id=16488, stack(0x0000004c78900000,0x0000004c78a00000)]
  0x0000014cda4e74f0 JavaThread "Unconstrained build operations Thread 45" [_thread_blocked, id=8460, stack(0x0000004c78a00000,0x0000004c78b00000)]
  0x0000014cda4e9b70 JavaThread "Unconstrained build operations Thread 46" [_thread_blocked, id=11580, stack(0x0000004c78b00000,0x0000004c78c00000)]
  0x0000014cda4e8d00 JavaThread "Unconstrained build operations Thread 47" [_thread_blocked, id=7728, stack(0x0000004c78c00000,0x0000004c78d00000)]
  0x0000014cd3426060 JavaThread "Unconstrained build operations Thread 48" [_thread_blocked, id=21588, stack(0x0000004c78d00000,0x0000004c78e00000)]
  0x0000014cd34286e0 JavaThread "Unconstrained build operations Thread 49" [_thread_blocked, id=15352, stack(0x0000004c78e00000,0x0000004c78f00000)]
  0x0000014cd3429550 JavaThread "Unconstrained build operations Thread 50" [_thread_blocked, id=17532, stack(0x0000004c78f00000,0x0000004c79000000)]
  0x0000014cd3426a00 JavaThread "Unconstrained build operations Thread 51" [_thread_blocked, id=2932, stack(0x0000004c79000000,0x0000004c79100000)]
  0x0000014cd5475dd0 JavaThread "Unconstrained build operations Thread 52" [_thread_blocked, id=14256, stack(0x0000004c79100000,0x0000004c79200000)]
  0x0000014cd5474f60 JavaThread "Unconstrained build operations Thread 53" [_thread_blocked, id=18284, stack(0x0000004c79200000,0x0000004c79300000)]
  0x0000014cd54762a0 JavaThread "Unconstrained build operations Thread 54" [_thread_blocked, id=25036, stack(0x0000004c79300000,0x0000004c79400000)]
  0x0000014cd5475430 JavaThread "Unconstrained build operations Thread 55" [_thread_blocked, id=19324, stack(0x0000004c79400000,0x0000004c79500000)]
  0x0000014cd5474a90 JavaThread "Unconstrained build operations Thread 56" [_thread_blocked, id=18788, stack(0x0000004c79500000,0x0000004c79600000)]
  0x0000014cd5475900 JavaThread "Unconstrained build operations Thread 57" [_thread_blocked, id=17996, stack(0x0000004c79600000,0x0000004c79700000)]
  0x0000014cda50a8f0 JavaThread "Unconstrained build operations Thread 58" [_thread_blocked, id=18224, stack(0x0000004c79700000,0x0000004c79800000)]
  0x0000014cda509f50 JavaThread "Unconstrained build operations Thread 59" [_thread_blocked, id=27380, stack(0x0000004c79800000,0x0000004c79900000)]
  0x0000014cda50bc30 JavaThread "Unconstrained build operations Thread 60" [_thread_blocked, id=25236, stack(0x0000004c79900000,0x0000004c79a00000)]
  0x0000014cda50a420 JavaThread "Unconstrained build operations Thread 61" [_thread_blocked, id=8004, stack(0x0000004c79a00000,0x0000004c79b00000)]
  0x0000014cda50d910 JavaThread "Unconstrained build operations Thread 62" [_thread_blocked, id=16904, stack(0x0000004c79b00000,0x0000004c79c00000)]
  0x0000014cda50adc0 JavaThread "Unconstrained build operations Thread 63" [_thread_blocked, id=17628, stack(0x0000004c79c00000,0x0000004c79d00000)]
  0x0000014cda50cf70 JavaThread "Unconstrained build operations Thread 64" [_thread_blocked, id=11916, stack(0x0000004c79d00000,0x0000004c79e00000)]
  0x0000014cda50d440 JavaThread "Unconstrained build operations Thread 65" [_thread_blocked, id=13828, stack(0x0000004c79e00000,0x0000004c79f00000)]
  0x0000014cd98ac490 JavaThread "Unconstrained build operations Thread 66" [_thread_blocked, id=16536, stack(0x0000004c79f00000,0x0000004c7a000000)]
  0x0000014cd98ac960 JavaThread "Unconstrained build operations Thread 67" [_thread_blocked, id=21836, stack(0x0000004c7a000000,0x0000004c7a100000)]
  0x0000014cd98ad300 JavaThread "Unconstrained build operations Thread 68" [_thread_blocked, id=23308, stack(0x0000004c7a100000,0x0000004c7a200000)]
  0x0000014cda50b290 JavaThread "Unconstrained build operations Thread 69" [_thread_blocked, id=10244, stack(0x0000004c7a200000,0x0000004c7a300000)]
  0x0000014cda50c5d0 JavaThread "Unconstrained build operations Thread 70" [_thread_blocked, id=10732, stack(0x0000004c7a300000,0x0000004c7a400000)]
  0x0000014cd93e26f0 JavaThread "Unconstrained build operations Thread 71" [_thread_blocked, id=21016, stack(0x0000004c7a400000,0x0000004c7a500000)]
  0x0000014cd93e3a30 JavaThread "Unconstrained build operations Thread 72" [_thread_blocked, id=21040, stack(0x0000004c7a500000,0x0000004c7a600000)]
  0x0000014cda50b760 JavaThread "Unconstrained build operations Thread 73" [_thread_blocked, id=312, stack(0x0000004c7a600000,0x0000004c7a700000)]
  0x0000014cda50c100 JavaThread "Unconstrained build operations Thread 74" [_thread_blocked, id=19804, stack(0x0000004c7a700000,0x0000004c7a800000)]
  0x0000014cda50caa0 JavaThread "WorkerExecutor Queue" [_thread_blocked, id=5288, stack(0x0000004c7a800000,0x0000004c7a900000)]
  0x0000014cd93ecc40 JavaThread "Unconstrained build operations Thread 75" [_thread_blocked, id=10816, stack(0x0000004c7a900000,0x0000004c7aa00000)]
  0x0000014cd93f0600 JavaThread "Unconstrained build operations Thread 76" [_thread_blocked, id=11436, stack(0x0000004c7aa00000,0x0000004c7ab00000)]
  0x0000014cd93ed110 JavaThread "Unconstrained build operations Thread 77" [_thread_blocked, id=17476, stack(0x0000004c7ab00000,0x0000004c7ac00000)]
  0x0000014cd93f0ad0 JavaThread "Unconstrained build operations Thread 78" [_thread_blocked, id=11272, stack(0x0000004c7ac00000,0x0000004c7ad00000)]
  0x0000014cd54d8c80 JavaThread "Unconstrained build operations Thread 79" [_thread_blocked, id=1616, stack(0x0000004c7ad00000,0x0000004c7ae00000)]
  0x0000014cd54dae30 JavaThread "Unconstrained build operations Thread 80" [_thread_blocked, id=23036, stack(0x0000004c7ae00000,0x0000004c7af00000)]
  0x0000014cda4ea510 JavaThread "RMI Scheduler(0)" daemon [_thread_blocked, id=14760, stack(0x0000004c7af00000,0x0000004c7b000000)]
  0x0000014cd7129700 JavaThread "RMI GC Daemon" daemon [_thread_blocked, id=21388, stack(0x0000004c7b100000,0x0000004c7b200000)]
  0x0000014cd7e8f090 JavaThread "RMI TCP Accept-0" daemon [_thread_in_native, id=12640, stack(0x0000004c7b200000,0x0000004c7b300000)]
  0x0000014cd7e8ebc0 JavaThread "RMI Reaper" [_thread_blocked, id=4272, stack(0x0000004c7b300000,0x0000004c7b400000)]
  0x0000014cdacbe170 JavaThread "RMI TCP Connection(1)-127.0.0.1" daemon [_thread_in_native, id=540, stack(0x0000004c7b400000,0x0000004c7b500000)]
  0x0000014cdacbeb10 JavaThread "WorkerExecutor Queue Thread 2" [_thread_blocked, id=26548, stack(0x0000004c73900000,0x0000004c73a00000)]
  0x0000014cd3428210 JavaThread "RMI TCP Connection(2)-127.0.0.1" daemon [_thread_in_native, id=14768, stack(0x0000004c7b600000,0x0000004c7b700000)]
  0x0000014cdacbd7d0 JavaThread "Cache worker for Java compile cache (C:\Users\LENOVO\.gradle\caches\8.2\javaCompile)" [_thread_blocked, id=28476, stack(0x0000004c7b800000,0x0000004c7b900000)]
  0x0000014cda667ed0 JavaThread "Build operations" [_thread_blocked, id=7956, stack(0x0000004c7b900000,0x0000004c7ba00000)]
  0x0000014cda6683a0 JavaThread "Build operations Thread 2" [_thread_blocked, id=26784, stack(0x0000004c7ba00000,0x0000004c7bb00000)]
  0x0000014cda666b90 JavaThread "Build operations Thread 3" [_thread_blocked, id=26480, stack(0x0000004c7bb00000,0x0000004c7bc00000)]
  0x0000014cda668d40 JavaThread "Build operations Thread 4" [_thread_blocked, id=28496, stack(0x0000004c7bc00000,0x0000004c7bd00000)]
  0x0000014cda667a00 JavaThread "Build operations Thread 5" [_thread_blocked, id=24468, stack(0x0000004c7bd00000,0x0000004c7be00000)]
  0x0000014cda669210 JavaThread "Build operations Thread 6" [_thread_blocked, id=15840, stack(0x0000004c7be00000,0x0000004c7bf00000)]
  0x0000014cda668870 JavaThread "Build operations Thread 7" [_thread_blocked, id=13892, stack(0x0000004c7bf00000,0x0000004c7c000000)]
  0x0000014cd93e3560 JavaThread "Build operations Thread 8" [_thread_blocked, id=26668, stack(0x0000004c7b000000,0x0000004c7b100000)]
  0x0000014cd712aa40 JavaThread "WorkerExecutor Queue Thread 3" [_thread_blocked, id=24456, stack(0x0000004c7b500000,0x0000004c7b600000)]
  0x0000014cd3426530 JavaThread "WorkerExecutor Queue Thread 4" [_thread_blocked, id=13812, stack(0x0000004c70f00000,0x0000004c71000000)]
  0x0000014cd3427d40 JavaThread "WorkerExecutor Queue Thread 5" [_thread_blocked, id=15452, stack(0x0000004c7c000000,0x0000004c7c100000)]
  0x0000014cd3429080 JavaThread "WorkerExecutor Queue Thread 6" [_thread_blocked, id=12700, stack(0x0000004c7c100000,0x0000004c7c200000)]
  0x0000014cd3426ed0 JavaThread "WorkerExecutor Queue Thread 7" [_thread_blocked, id=20408, stack(0x0000004c7c200000,0x0000004c7c300000)]
  0x0000014cd67a6060 JavaThread "WorkerExecutor Queue Thread 8" [_thread_in_vm, id=24408, stack(0x0000004c7c300000,0x0000004c7c400000)]
  0x0000014cd4a20b10 JavaThread "C2 CompilerThread1" daemon [_thread_in_native, id=11176, stack(0x0000004c72300000,0x0000004c72400000)]
=>0x0000014cd4a1d870 JavaThread "C2 CompilerThread2" daemon [_thread_in_native, id=1848, stack(0x0000004c7b700000,0x0000004c7b800000)]

Other Threads:
  0x0000014cce0f97b0 VMThread "VM Thread" [stack: 0x0000004c71600000,0x0000004c71700000] [id=16084]
  0x0000014cae4696d0 WatcherThread [stack: 0x0000004c72200000,0x0000004c72300000] [id=16976]
  0x0000014cae44d560 GCTaskThread "GC Thread#0" [stack: 0x0000004c71100000,0x0000004c71200000] [id=28056]
  0x0000014ccef6ba40 GCTaskThread "GC Thread#1" [stack: 0x0000004c72500000,0x0000004c72600000] [id=18240]
  0x0000014ccef6bcf0 GCTaskThread "GC Thread#2" [stack: 0x0000004c72600000,0x0000004c72700000] [id=11340]
  0x0000014cd37e1890 GCTaskThread "GC Thread#3" [stack: 0x0000004c72700000,0x0000004c72800000] [id=9152]
  0x0000014cd3796c30 GCTaskThread "GC Thread#4" [stack: 0x0000004c72800000,0x0000004c72900000] [id=20544]
  0x0000014ccea96f10 GCTaskThread "GC Thread#5" [stack: 0x0000004c72900000,0x0000004c72a00000] [id=14784]
  0x0000014cd3100fe0 GCTaskThread "GC Thread#6" [stack: 0x0000004c72a00000,0x0000004c72b00000] [id=10032]
  0x0000014cd41ede90 GCTaskThread "GC Thread#7" [stack: 0x0000004c73400000,0x0000004c73500000] [id=14708]
  0x0000014cae4594b0 ConcurrentGCThread "G1 Main Marker" [stack: 0x0000004c71200000,0x0000004c71300000] [id=15528]
  0x0000014cae459ec0 ConcurrentGCThread "G1 Conc#0" [stack: 0x0000004c71300000,0x0000004c71400000] [id=22732]
  0x0000014cd42cbfd0 ConcurrentGCThread "G1 Conc#1" [stack: 0x0000004c73500000,0x0000004c73600000] [id=16832]
  0x0000014ccdfae550 ConcurrentGCThread "G1 Refine#0" [stack: 0x0000004c71400000,0x0000004c71500000] [id=8964]
  0x0000014cd52488c0 ConcurrentGCThread "G1 Refine#1" [stack: 0x0000004c75400000,0x0000004c75500000] [id=10132]
  0x0000014cd5248e80 ConcurrentGCThread "G1 Refine#2" [stack: 0x0000004c75500000,0x0000004c75600000] [id=9064]
  0x0000014cd3b78e70 ConcurrentGCThread "G1 Refine#3" [stack: 0x0000004c75900000,0x0000004c75a00000] [id=3664]
  0x0000014ccdfaff80 ConcurrentGCThread "G1 Service" [stack: 0x0000004c71500000,0x0000004c71600000] [id=26256]

Threads with active compile tasks:
C2 CompilerThread0    34498 15852       4       org.gradle.api.internal.artifacts.transform.TransformationStep::lambda$createInvocation$2 (93 bytes)
C1 CompilerThread0    34498 15914       3       java.util.zip.ZipInputStream::read (304 bytes)
C2 CompilerThread1    34498 15825   !   4       java.nio.file.FileTreeWalker::next (144 bytes)
C2 CompilerThread2    34498 15869       4       org.gradle.internal.classloader.ConfigurableClassLoaderHierarchyHasher$Visitor::addToHash (86 bytes)

VM state: not at safepoint (normal execution)

VM Mutex/Monitor currently owned by a thread:  ([mutex/lock_event])
[0x0000014cae3d77e0] Metaspace_lock - owner thread: 0x0000014cce2d2750
[0x0000014cae3d5f20] MethodData_lock - owner thread: 0x0000014cce2d2750

Heap address: 0x00000006e0000000, size: 4608 MB, Compressed Oops mode: Zero based, Oop shift amount: 3

CDS archive(s) not mapped
Compressed class space mapped at: 0x0000000800000000-0x0000000840000000, reserved size: 1073741824
Narrow klass base: 0x0000000800000000, Narrow klass shift: 0, Narrow klass range: 0x40000000

GC Precious Log:
 CPUs: 8 total, 8 available
 Memory: 20263M
 Large Page Support: Disabled
 NUMA Support: Disabled
 Compressed Oops: Enabled (Zero based)
 Heap Region Size: 4M
 Heap Min Capacity: 8M
 Heap Initial Capacity: 320M
 Heap Max Capacity: 4608M
 Pre-touch: Disabled
 Parallel Workers: 8
 Concurrent Workers: 2
 Concurrent Refinement Workers: 8
 Periodic GC: Disabled

Heap:
 garbage-first heap   total 364544K, used 206565K [0x00000006e0000000, 0x0000000800000000)
  region size 4096K, 10 young (40960K), 1 survivors (4096K)
 Metaspace       used 123706K, committed 124544K, reserved 1179648K
  class space    used 16967K, committed 17408K, reserved 1048576K

Heap Regions: E=young(eden), S=young(survivor), O=old, HS=humongous(starts), HC=humongous(continues), CS=collection set, F=free, OA=open archive, CA=closed archive, TAMS=top-at-mark-start (previous, next)
|   0|0x00000006e0000000, 0x00000006e0400000, 0x00000006e0400000|100%|HS|  |TAMS 0x00000006e0400000, 0x00000006e0000000| Complete 
|   1|0x00000006e0400000, 0x00000006e0800000, 0x00000006e0800000|100%| O|  |TAMS 0x00000006e0800000, 0x00000006e0400000| Untracked 
|   2|0x00000006e0800000, 0x00000006e0c00000, 0x00000006e0c00000|100%| O|  |TAMS 0x00000006e0c00000, 0x00000006e0800000| Untracked 
|   3|0x00000006e0c00000, 0x00000006e1000000, 0x00000006e1000000|100%| O|  |TAMS 0x00000006e1000000, 0x00000006e0c00000| Untracked 
|   4|0x00000006e1000000, 0x00000006e1400000, 0x00000006e1400000|100%| O|  |TAMS 0x00000006e1400000, 0x00000006e1000000| Untracked 
|   5|0x00000006e1400000, 0x00000006e1800000, 0x00000006e1800000|100%|HS|  |TAMS 0x00000006e1800000, 0x00000006e1400000| Complete 
|   6|0x00000006e1800000, 0x00000006e1c00000, 0x00000006e1c00000|100%| O|  |TAMS 0x00000006e1c00000, 0x00000006e1800000| Untracked 
|   7|0x00000006e1c00000, 0x00000006e2000000, 0x00000006e2000000|100%|HS|  |TAMS 0x00000006e2000000, 0x00000006e1c00000| Complete 
|   8|0x00000006e2000000, 0x00000006e2400000, 0x00000006e2400000|100%| O|  |TAMS 0x00000006e2400000, 0x00000006e2000000| Untracked 
|   9|0x00000006e2400000, 0x00000006e2800000, 0x00000006e2800000|100%| O|  |TAMS 0x00000006e2800000, 0x00000006e2400000| Untracked 
|  10|0x00000006e2800000, 0x00000006e2c00000, 0x00000006e2c00000|100%| O|  |TAMS 0x00000006e2c00000, 0x00000006e2800000| Untracked 
|  11|0x00000006e2c00000, 0x00000006e3000000, 0x00000006e3000000|100%| O|  |TAMS 0x00000006e3000000, 0x00000006e2c00000| Untracked 
|  12|0x00000006e3000000, 0x00000006e3400000, 0x00000006e3400000|100%| O|  |TAMS 0x00000006e3400000, 0x00000006e3000000| Untracked 
|  13|0x00000006e3400000, 0x00000006e3800000, 0x00000006e3800000|100%| O|  |TAMS 0x00000006e3800000, 0x00000006e3400000| Untracked 
|  14|0x00000006e3800000, 0x00000006e3c00000, 0x00000006e3c00000|100%| O|  |TAMS 0x00000006e3c00000, 0x00000006e3800000| Untracked 
|  15|0x00000006e3c00000, 0x00000006e4000000, 0x00000006e4000000|100%| O|  |TAMS 0x00000006e4000000, 0x00000006e3c00000| Untracked 
|  16|0x00000006e4000000, 0x00000006e4400000, 0x00000006e4400000|100%| O|  |TAMS 0x00000006e4400000, 0x00000006e4000000| Untracked 
|  17|0x00000006e4400000, 0x00000006e4800000, 0x00000006e4800000|100%| O|  |TAMS 0x00000006e4800000, 0x00000006e4400000| Untracked 
|  18|0x00000006e4800000, 0x00000006e4c00000, 0x00000006e4c00000|100%| O|  |TAMS 0x00000006e4c00000, 0x00000006e4800000| Untracked 
|  19|0x00000006e4c00000, 0x00000006e5000000, 0x00000006e5000000|100%| O|  |TAMS 0x00000006e5000000, 0x00000006e4c00000| Untracked 
|  20|0x00000006e5000000, 0x00000006e5400000, 0x00000006e5400000|100%| O|  |TAMS 0x00000006e53ac000, 0x00000006e5000000| Untracked 
|  21|0x00000006e5400000, 0x00000006e5800000, 0x00000006e5800000|100%| O|  |TAMS 0x00000006e5400000, 0x00000006e5400000| Untracked 
|  22|0x00000006e5800000, 0x00000006e5c00000, 0x00000006e5c00000|100%| O|  |TAMS 0x00000006e5800000, 0x00000006e5800000| Untracked 
|  23|0x00000006e5c00000, 0x00000006e6000000, 0x00000006e6000000|100%| O|  |TAMS 0x00000006e5c00000, 0x00000006e5c00000| Untracked 
|  24|0x00000006e6000000, 0x00000006e6400000, 0x00000006e6400000|100%| O|  |TAMS 0x00000006e6000000, 0x00000006e6000000| Untracked 
|  25|0x00000006e6400000, 0x00000006e6800000, 0x00000006e6800000|100%| O|  |TAMS 0x00000006e6400000, 0x00000006e6400000| Untracked 
|  26|0x00000006e6800000, 0x00000006e6c00000, 0x00000006e6c00000|100%| O|  |TAMS 0x00000006e6800000, 0x00000006e6800000| Untracked 
|  27|0x00000006e6c00000, 0x00000006e7000000, 0x00000006e7000000|100%| O|  |TAMS 0x00000006e6c00000, 0x00000006e6c00000| Untracked 
|  28|0x00000006e7000000, 0x00000006e7400000, 0x00000006e7400000|100%| O|  |TAMS 0x00000006e7000000, 0x00000006e7000000| Untracked 
|  29|0x00000006e7400000, 0x00000006e7800000, 0x00000006e7800000|100%| O|  |TAMS 0x00000006e7400000, 0x00000006e7400000| Untracked 
|  30|0x00000006e7800000, 0x00000006e7c00000, 0x00000006e7c00000|100%| O|  |TAMS 0x00000006e7800000, 0x00000006e7800000| Untracked 
|  31|0x00000006e7c00000, 0x00000006e8000000, 0x00000006e8000000|100%| O|  |TAMS 0x00000006e7c00000, 0x00000006e7c00000| Untracked 
|  32|0x00000006e8000000, 0x00000006e8400000, 0x00000006e8400000|100%| O|  |TAMS 0x00000006e8000000, 0x00000006e8000000| Untracked 
|  33|0x00000006e8400000, 0x00000006e8800000, 0x00000006e8800000|100%| O|  |TAMS 0x00000006e8400000, 0x00000006e8400000| Untracked 
|  34|0x00000006e8800000, 0x00000006e8c00000, 0x00000006e8c00000|100%| O|  |TAMS 0x00000006e8800000, 0x00000006e8800000| Untracked 
|  35|0x00000006e8c00000, 0x00000006e9000000, 0x00000006e9000000|100%| O|  |TAMS 0x00000006e8c00000, 0x00000006e8c00000| Untracked 
|  36|0x00000006e9000000, 0x00000006e9400000, 0x00000006e9400000|100%| O|  |TAMS 0x00000006e9000000, 0x00000006e9000000| Untracked 
|  37|0x00000006e9400000, 0x00000006e9800000, 0x00000006e9800000|100%| O|  |TAMS 0x00000006e9400000, 0x00000006e9400000| Untracked 
|  38|0x00000006e9800000, 0x00000006e9c00000, 0x00000006e9c00000|100%| O|  |TAMS 0x00000006e9800000, 0x00000006e9800000| Untracked 
|  39|0x00000006e9c00000, 0x00000006ea000000, 0x00000006ea000000|100%| O|  |TAMS 0x00000006e9c00000, 0x00000006e9c00000| Untracked 
|  40|0x00000006ea000000, 0x00000006ea400000, 0x00000006ea400000|100%| O|  |TAMS 0x00000006ea000000, 0x00000006ea000000| Untracked 
|  41|0x00000006ea400000, 0x00000006ea800000, 0x00000006ea800000|100%| O|  |TAMS 0x00000006ea400000, 0x00000006ea400000| Untracked 
|  42|0x00000006ea800000, 0x00000006eab0cc00, 0x00000006eac00000| 76%| O|  |TAMS 0x00000006ea800000, 0x00000006ea800000| Untracked 
|  43|0x00000006eac00000, 0x00000006eac00000, 0x00000006eb000000|  0%| F|  |TAMS 0x00000006eac00000, 0x00000006eac00000| Untracked 
|  44|0x00000006eb000000, 0x00000006eb000000, 0x00000006eb400000|  0%| F|  |TAMS 0x00000006eb000000, 0x00000006eb000000| Untracked 
|  45|0x00000006eb400000, 0x00000006eb400000, 0x00000006eb800000|  0%| F|  |TAMS 0x00000006eb400000, 0x00000006eb400000| Untracked 
|  46|0x00000006eb800000, 0x00000006eb800000, 0x00000006ebc00000|  0%| F|  |TAMS 0x00000006eb800000, 0x00000006eb800000| Untracked 
|  47|0x00000006ebc00000, 0x00000006ebc00000, 0x00000006ec000000|  0%| F|  |TAMS 0x00000006ebc00000, 0x00000006ebc00000| Untracked 
|  48|0x00000006ec000000, 0x00000006ec000000, 0x00000006ec400000|  0%| F|  |TAMS 0x00000006ec000000, 0x00000006ec000000| Untracked 
|  49|0x00000006ec400000, 0x00000006ec400000, 0x00000006ec800000|  0%| F|  |TAMS 0x00000006ec400000, 0x00000006ec400000| Untracked 
|  50|0x00000006ec800000, 0x00000006ec800000, 0x00000006ecc00000|  0%| F|  |TAMS 0x00000006ec800000, 0x00000006ec800000| Untracked 
|  51|0x00000006ecc00000, 0x00000006ecc00000, 0x00000006ed000000|  0%| F|  |TAMS 0x00000006ecc00000, 0x00000006ecc00000| Untracked 
|  52|0x00000006ed000000, 0x00000006ed000000, 0x00000006ed400000|  0%| F|  |TAMS 0x00000006ed000000, 0x00000006ed000000| Untracked 
|  53|0x00000006ed400000, 0x00000006ed400000, 0x00000006ed800000|  0%| F|  |TAMS 0x00000006ed400000, 0x00000006ed400000| Untracked 
|  54|0x00000006ed800000, 0x00000006ed800000, 0x00000006edc00000|  0%| F|  |TAMS 0x00000006ed800000, 0x00000006ed800000| Untracked 
|  55|0x00000006edc00000, 0x00000006edc00000, 0x00000006ee000000|  0%| F|  |TAMS 0x00000006edc00000, 0x00000006edc00000| Untracked 
|  56|0x00000006ee000000, 0x00000006ee000000, 0x00000006ee400000|  0%| F|  |TAMS 0x00000006ee000000, 0x00000006ee000000| Untracked 
|  57|0x00000006ee400000, 0x00000006ee400000, 0x00000006ee800000|  0%| F|  |TAMS 0x00000006ee400000, 0x00000006ee400000| Untracked 
|  58|0x00000006ee800000, 0x00000006ee800000, 0x00000006eec00000|  0%| F|  |TAMS 0x00000006ee800000, 0x00000006ee800000| Untracked 
|  59|0x00000006eec00000, 0x00000006eec00000, 0x00000006ef000000|  0%| F|  |TAMS 0x00000006eec00000, 0x00000006eec00000| Untracked 
|  60|0x00000006ef000000, 0x00000006ef000000, 0x00000006ef400000|  0%| F|  |TAMS 0x00000006ef000000, 0x00000006ef000000| Untracked 
|  61|0x00000006ef400000, 0x00000006ef6aca10, 0x00000006ef800000| 66%| S|CS|TAMS 0x00000006ef400000, 0x00000006ef400000| Complete 
|  62|0x00000006ef800000, 0x00000006ef800000, 0x00000006efc00000|  0%| F|  |TAMS 0x00000006ef800000, 0x00000006ef800000| Untracked 
|  63|0x00000006efc00000, 0x00000006efc00000, 0x00000006f0000000|  0%| F|  |TAMS 0x00000006efc00000, 0x00000006efc00000| Untracked 
|  64|0x00000006f0000000, 0x00000006f0000000, 0x00000006f0400000|  0%| F|  |TAMS 0x00000006f0000000, 0x00000006f0000000| Untracked 
|  65|0x00000006f0400000, 0x00000006f0400000, 0x00000006f0800000|  0%| F|  |TAMS 0x00000006f0400000, 0x00000006f0400000| Untracked 
|  66|0x00000006f0800000, 0x00000006f0800000, 0x00000006f0c00000|  0%| F|  |TAMS 0x00000006f0800000, 0x00000006f0800000| Untracked 
|  67|0x00000006f0c00000, 0x00000006f0c00000, 0x00000006f1000000|  0%| F|  |TAMS 0x00000006f0c00000, 0x00000006f0c00000| Untracked 
|  68|0x00000006f1000000, 0x00000006f1000000, 0x00000006f1400000|  0%| F|  |TAMS 0x00000006f1000000, 0x00000006f1000000| Untracked 
|  69|0x00000006f1400000, 0x00000006f1400000, 0x00000006f1800000|  0%| F|  |TAMS 0x00000006f1400000, 0x00000006f1400000| Untracked 
|  70|0x00000006f1800000, 0x00000006f1800000, 0x00000006f1c00000|  0%| F|  |TAMS 0x00000006f1800000, 0x00000006f1800000| Untracked 
|  71|0x00000006f1c00000, 0x00000006f1c00000, 0x00000006f2000000|  0%| F|  |TAMS 0x00000006f1c00000, 0x00000006f1c00000| Untracked 
|  72|0x00000006f2000000, 0x00000006f2000000, 0x00000006f2400000|  0%| F|  |TAMS 0x00000006f2000000, 0x00000006f2000000| Untracked 
|  73|0x00000006f2400000, 0x00000006f2400000, 0x00000006f2800000|  0%| F|  |TAMS 0x00000006f2400000, 0x00000006f2400000| Untracked 
|  74|0x00000006f2800000, 0x00000006f2800000, 0x00000006f2c00000|  0%| F|  |TAMS 0x00000006f2800000, 0x00000006f2800000| Untracked 
|  75|0x00000006f2c00000, 0x00000006f2c00000, 0x00000006f3000000|  0%| F|  |TAMS 0x00000006f2c00000, 0x00000006f2c00000| Untracked 
|  76|0x00000006f3000000, 0x00000006f3000000, 0x00000006f3400000|  0%| F|  |TAMS 0x00000006f3000000, 0x00000006f3000000| Untracked 
|  77|0x00000006f3400000, 0x00000006f3400000, 0x00000006f3800000|  0%| F|  |TAMS 0x00000006f3400000, 0x00000006f3400000| Untracked 
|  78|0x00000006f3800000, 0x00000006f3800000, 0x00000006f3c00000|  0%| F|  |TAMS 0x00000006f3800000, 0x00000006f3800000| Untracked 
|  79|0x00000006f3c00000, 0x00000006f3c00000, 0x00000006f4000000|  0%| F|  |TAMS 0x00000006f3c00000, 0x00000006f3c00000| Untracked 
|  80|0x00000006f4000000, 0x00000006f42d8bc0, 0x00000006f4400000| 71%| E|  |TAMS 0x00000006f4000000, 0x00000006f4000000| Complete 
|  81|0x00000006f4400000, 0x00000006f4800000, 0x00000006f4800000|100%| E|CS|TAMS 0x00000006f4400000, 0x00000006f4400000| Complete 
|  82|0x00000006f4800000, 0x00000006f4c00000, 0x00000006f4c00000|100%| E|CS|TAMS 0x00000006f4800000, 0x00000006f4800000| Complete 
|  83|0x00000006f4c00000, 0x00000006f5000000, 0x00000006f5000000|100%| E|CS|TAMS 0x00000006f4c00000, 0x00000006f4c00000| Complete 
|  84|0x00000006f5000000, 0x00000006f5400000, 0x00000006f5400000|100%| E|CS|TAMS 0x00000006f5000000, 0x00000006f5000000| Complete 
|  85|0x00000006f5400000, 0x00000006f5800000, 0x00000006f5800000|100%| E|CS|TAMS 0x00000006f5400000, 0x00000006f5400000| Complete 
|  86|0x00000006f5800000, 0x00000006f5c00000, 0x00000006f5c00000|100%| E|  |TAMS 0x00000006f5800000, 0x00000006f5800000| Complete 
|  87|0x00000006f5c00000, 0x00000006f6000000, 0x00000006f6000000|100%| E|CS|TAMS 0x00000006f5c00000, 0x00000006f5c00000| Complete 
|  88|0x00000006f6000000, 0x00000006f6400000, 0x00000006f6400000|100%| E|CS|TAMS 0x00000006f6000000, 0x00000006f6000000| Complete 

Card table byte_map: [0x0000014cc14d0000,0x0000014cc1dd0000] _byte_map_base: 0x0000014cbddd0000

Marking Bits (Prev, Next): (CMBitMap*) 0x0000014cae44dbb0, (CMBitMap*) 0x0000014cae44db70
 Prev Bits: [0x0000014cc6ed0000, 0x0000014ccb6d0000)
 Next Bits: [0x0000014cc26d0000, 0x0000014cc6ed0000)

Polling page: 0x0000014cac330000

Metaspace:

Usage:
  Non-class:    104.24 MB used.
      Class:     16.57 MB used.
       Both:    120.81 MB used.

Virtual space:
  Non-class space:      128.00 MB reserved,     104.62 MB ( 82%) committed,  2 nodes.
      Class space:        1.00 GB reserved,      17.00 MB (  2%) committed,  1 nodes.
             Both:        1.12 GB reserved,     121.62 MB ( 11%) committed. 

Chunk freelists:
   Non-Class:  6.39 MB
       Class:  15.04 MB
        Both:  21.43 MB

MaxMetaspaceSize: unlimited
CompressedClassSpaceSize: 1.00 GB
Initial GC threshold: 21.00 MB
Current GC threshold: 169.94 MB
CDS: off
MetaspaceReclaimPolicy: balanced
 - commit_granule_bytes: 65536.
 - commit_granule_words: 8192.
 - virtual_space_node_default_size: 8388608.
 - enlarge_chunks_in_place: 1.
 - new_chunks_are_fully_committed: 0.
 - uncommit_free_chunks: 1.
 - use_allocation_guard: 0.
 - handle_deallocations: 1.


Internal statistics:

num_allocs_failed_limit: 18.
num_arena_births: 1402.
num_arena_deaths: 0.
num_vsnodes_births: 3.
num_vsnodes_deaths: 0.
num_space_committed: 1945.
num_space_uncommitted: 0.
num_chunks_returned_to_freelist: 18.
num_chunks_taken_from_freelist: 6221.
num_chunk_merges: 12.
num_chunk_splits: 4104.
num_chunks_enlarged: 2754.
num_inconsistent_stats: 0.

CodeHeap 'non-profiled nmethods': size=120000Kb used=10185Kb max_used=10185Kb free=109815Kb
 bounds [0x0000014cb9370000, 0x0000014cb9d70000, 0x0000014cc08a0000]
CodeHeap 'profiled nmethods': size=120000Kb used=26133Kb max_used=26133Kb free=93867Kb
 bounds [0x0000014cb18a0000, 0x0000014cb3230000, 0x0000014cb8dd0000]
CodeHeap 'non-nmethods': size=5760Kb used=2465Kb max_used=2502Kb free=3294Kb
 bounds [0x0000014cb8dd0000, 0x0000014cb9060000, 0x0000014cb9370000]
 total_blobs=14434 nmethods=13437 adapters=909
 compilation: enabled
              stopped_count=0, restarted_count=0
 full_count=0

Compilation events (20 events):
Event: 34.331 Thread 0x0000014cce2d2750 nmethod 15892 0x0000014cb320a690 code [0x0000014cb320a860, 0x0000014cb320abf8]
Event: 34.331 Thread 0x0000014cce2d2750 15893   !   2       java.lang.reflect.Executable::declaredAnnotations (85 bytes)
Event: 34.332 Thread 0x0000014cce2d2750 nmethod 15893 0x0000014cb320ae10 code [0x0000014cb320b020, 0x0000014cb320b468]
Event: 34.336 Thread 0x0000014cce2d2750 15894       3       org.gradle.internal.service.DefaultServiceRegistry::serviceRequested (42 bytes)
Event: 34.343 Thread 0x0000014cce2d2750 nmethod 15894 0x0000014cb320b790 code [0x0000014cb320bb60, 0x0000014cb320d518]
Event: 34.343 Thread 0x0000014cce2d2750 15895       3       org.gradle.internal.service.DefaultServiceRegistry::noLongerMutable (15 bytes)
Event: 34.348 Thread 0x0000014cce2d2750 nmethod 15895 0x0000014cb320de10 code [0x0000014cb320e0c0, 0x0000014cb320ee48]
Event: 34.348 Thread 0x0000014cce2d2750 15896   !   3       org.gradle.internal.io.ClassLoaderObjectInputStream::resolveClass (58 bytes)
Event: 34.351 Thread 0x0000014cce2d2750 nmethod 15896 0x0000014cb320f310 code [0x0000014cb320f580, 0x0000014cb3210038]
Event: 34.353 Thread 0x0000014cce2d2750 15897   !   3       jdk.internal.reflect.BootstrapConstructorAccessorImpl::newInstance (24 bytes)
Event: 34.354 Thread 0x0000014cce2d2750 nmethod 15897 0x0000014cb3210590 code [0x0000014cb3210740, 0x0000014cb3210998]
Event: 34.366 Thread 0x0000014cce2d2750 15899       2       org.gradle.internal.instantiation.generator.AbstractClassGenerator$ClassMetadata::property (42 bytes)
Event: 34.367 Thread 0x0000014cce2d2750 nmethod 15899 0x0000014cb3210b10 code [0x0000014cb3210cc0, 0x0000014cb3210f28]
Event: 34.381 Thread 0x0000014cce2d2750 15900 %     3       sun.nio.fs.WindowsPath::relativize @ 122 (391 bytes)
Event: 34.390 Thread 0x0000014cce2d2750 nmethod 15900% 0x0000014cb3211090 code [0x0000014cb32116c0, 0x0000014cb3214f68]
Event: 34.390 Thread 0x0000014cce2d2750 15901       3       java.lang.String::regionMatches (150 bytes)
Event: 34.392 Thread 0x0000014cce2d2750 nmethod 15901 0x0000014cb3216310 code [0x0000014cb3216560, 0x0000014cb3216d68]
Event: 34.392 Thread 0x0000014cce2d2750 15902       3       com.android.build.gradle.internal.tasks.DexMergingTaskDelegate$Companion$isDexFile$1::invoke (9 bytes)
Event: 34.393 Thread 0x0000014cce2d2750 nmethod 15902 0x0000014cb3217010 code [0x0000014cb3217260, 0x0000014cb3217aa8]
Event: 34.393 Thread 0x0000014cce2d2750 15903       3       sun.nio.fs.WindowsPath::relativize (391 bytes)

GC Heap History (20 events):
Event: 10.444 GC heap before
{Heap before GC invocations=23 (full 0):
 garbage-first heap   total 303104K, used 202326K [0x00000006e0000000, 0x0000000800000000)
  region size 4096K, 33 young (135168K), 5 survivors (20480K)
 Metaspace       used 100403K, committed 101056K, reserved 1179648K
  class space    used 13752K, committed 14016K, reserved 1048576K
}
Event: 10.460 GC heap after
{Heap after GC invocations=24 (full 0):
 garbage-first heap   total 303104K, used 106160K [0x00000006e0000000, 0x0000000800000000)
  region size 4096K, 5 young (20480K), 5 survivors (20480K)
 Metaspace       used 100403K, committed 101056K, reserved 1179648K
  class space    used 13752K, committed 14016K, reserved 1048576K
}
Event: 11.412 GC heap before
{Heap before GC invocations=25 (full 0):
 garbage-first heap   total 303104K, used 233136K [0x00000006e0000000, 0x0000000800000000)
  region size 4096K, 36 young (147456K), 5 survivors (20480K)
 Metaspace       used 103587K, committed 104320K, reserved 1179648K
  class space    used 14217K, committed 14528K, reserved 1048576K
}
Event: 11.432 GC heap after
{Heap after GC invocations=26 (full 0):
 garbage-first heap   total 303104K, used 118253K [0x00000006e0000000, 0x0000000800000000)
  region size 4096K, 3 young (12288K), 3 survivors (12288K)
 Metaspace       used 103587K, committed 104320K, reserved 1179648K
  class space    used 14217K, committed 14528K, reserved 1048576K
}
Event: 12.066 GC heap before
{Heap before GC invocations=27 (full 0):
 garbage-first heap   total 303104K, used 232941K [0x00000006e0000000, 0x0000000800000000)
  region size 4096K, 32 young (131072K), 3 survivors (12288K)
 Metaspace       used 104283K, committed 105024K, reserved 1179648K
  class space    used 14273K, committed 14656K, reserved 1048576K
}
Event: 12.077 GC heap after
{Heap after GC invocations=28 (full 0):
 garbage-first heap   total 303104K, used 126398K [0x00000006e0000000, 0x0000000800000000)
  region size 4096K, 3 young (12288K), 3 survivors (12288K)
 Metaspace       used 104283K, committed 105024K, reserved 1179648K
  class space    used 14273K, committed 14656K, reserved 1048576K
}
Event: 12.599 GC heap before
{Heap before GC invocations=28 (full 0):
 garbage-first heap   total 303104K, used 236990K [0x00000006e0000000, 0x0000000800000000)
  region size 4096K, 30 young (122880K), 3 survivors (12288K)
 Metaspace       used 104807K, committed 105536K, reserved 1179648K
  class space    used 14341K, committed 14720K, reserved 1048576K
}
Event: 12.611 GC heap after
{Heap after GC invocations=29 (full 0):
 garbage-first heap   total 303104K, used 132615K [0x00000006e0000000, 0x0000000800000000)
  region size 4096K, 3 young (12288K), 3 survivors (12288K)
 Metaspace       used 104807K, committed 105536K, reserved 1179648K
  class space    used 14341K, committed 14720K, reserved 1048576K
}
Event: 13.758 GC heap before
{Heap before GC invocations=29 (full 0):
 garbage-first heap   total 303104K, used 235015K [0x00000006e0000000, 0x0000000800000000)
  region size 4096K, 28 young (114688K), 3 survivors (12288K)
 Metaspace       used 108658K, committed 109376K, reserved 1179648K
  class space    used 14824K, committed 15168K, reserved 1048576K
}
Event: 13.770 GC heap after
{Heap after GC invocations=30 (full 0):
 garbage-first heap   total 303104K, used 138489K [0x00000006e0000000, 0x0000000800000000)
  region size 4096K, 4 young (16384K), 4 survivors (16384K)
 Metaspace       used 108658K, committed 109376K, reserved 1179648K
  class space    used 14824K, committed 15168K, reserved 1048576K
}
Event: 16.166 GC heap before
{Heap before GC invocations=30 (full 0):
 garbage-first heap   total 303104K, used 236793K [0x00000006e0000000, 0x0000000800000000)
  region size 4096K, 29 young (118784K), 4 survivors (16384K)
 Metaspace       used 109009K, committed 109824K, reserved 1179648K
  class space    used 14873K, committed 15232K, reserved 1048576K
}
Event: 16.208 GC heap after
{Heap after GC invocations=31 (full 0):
 garbage-first heap   total 364544K, used 143132K [0x00000006e0000000, 0x0000000800000000)
  region size 4096K, 4 young (16384K), 4 survivors (16384K)
 Metaspace       used 109009K, committed 109824K, reserved 1179648K
  class space    used 14873K, committed 15232K, reserved 1048576K
}
Event: 25.796 GC heap before
{Heap before GC invocations=31 (full 0):
 garbage-first heap   total 364544K, used 290588K [0x00000006e0000000, 0x0000000800000000)
  region size 4096K, 41 young (167936K), 4 survivors (16384K)
 Metaspace       used 109934K, committed 110720K, reserved 1179648K
  class space    used 14991K, committed 15360K, reserved 1048576K
}
Event: 25.852 GC heap after
{Heap after GC invocations=32 (full 0):
 garbage-first heap   total 364544K, used 156853K [0x00000006e0000000, 0x0000000800000000)
  region size 4096K, 6 young (24576K), 6 survivors (24576K)
 Metaspace       used 109934K, committed 110720K, reserved 1179648K
  class space    used 14991K, committed 15360K, reserved 1048576K
}
Event: 28.011 GC heap before
{Heap before GC invocations=32 (full 0):
 garbage-first heap   total 364544K, used 287925K [0x00000006e0000000, 0x0000000800000000)
  region size 4096K, 39 young (159744K), 6 survivors (24576K)
 Metaspace       used 110098K, committed 110912K, reserved 1179648K
  class space    used 15013K, committed 15424K, reserved 1048576K
}
Event: 28.081 GC heap after
{Heap after GC invocations=33 (full 0):
 garbage-first heap   total 364544K, used 170661K [0x00000006e0000000, 0x0000000800000000)
  region size 4096K, 4 young (16384K), 4 survivors (16384K)
 Metaspace       used 110098K, committed 110912K, reserved 1179648K
  class space    used 15013K, committed 15424K, reserved 1048576K
}
Event: 31.126 GC heap before
{Heap before GC invocations=33 (full 0):
 garbage-first heap   total 364544K, used 285349K [0x00000006e0000000, 0x0000000800000000)
  region size 4096K, 33 young (135168K), 4 survivors (16384K)
 Metaspace       used 111764K, committed 112640K, reserved 1179648K
  class space    used 15246K, committed 15680K, reserved 1048576K
}
Event: 31.158 GC heap after
{Heap after GC invocations=34 (full 0):
 garbage-first heap   total 364544K, used 176101K [0x00000006e0000000, 0x0000000800000000)
  region size 4096K, 4 young (16384K), 4 survivors (16384K)
 Metaspace       used 111764K, committed 112640K, reserved 1179648K
  class space    used 15246K, committed 15680K, reserved 1048576K
}
Event: 34.096 GC heap before
{Heap before GC invocations=34 (full 0):
 garbage-first heap   total 364544K, used 282597K [0x00000006e0000000, 0x0000000800000000)
  region size 4096K, 31 young (126976K), 4 survivors (16384K)
 Metaspace       used 123550K, committed 124416K, reserved 1179648K
  class space    used 16950K, committed 17408K, reserved 1048576K
}
Event: 34.112 GC heap after
{Heap after GC invocations=35 (full 0):
 garbage-first heap   total 364544K, used 177893K [0x00000006e0000000, 0x0000000800000000)
  region size 4096K, 1 young (4096K), 1 survivors (4096K)
 Metaspace       used 123550K, committed 124416K, reserved 1179648K
  class space    used 16950K, committed 17408K, reserved 1048576K
}

Dll operation events (3 events):
Event: 0.008 Loaded shared library C:\Program Files\Android\Android Studio\jbr\bin\java.dll
Event: 0.105 Loaded shared library C:\Program Files\Android\Android Studio\jbr\bin\zip.dll
Event: 0.357 Loaded shared library C:\Program Files\Android\Android Studio\jbr\bin\verify.dll

Deoptimization events (20 events):
Event: 34.069 Thread 0x0000014cd93ee920 Uncommon trap: trap_request=0xffffffc6 fr.pc=0x0000014cb9b78680 relative=0x0000000000000560
Event: 34.069 Thread 0x0000014cd93ee920 Uncommon trap: reason=bimorphic_or_optimized_type_check action=maybe_recompile pc=0x0000014cb9b78680 method=org.gradle.internal.snapshot.LargeChildMap.withNode(Lorg/gradle/internal/snapshot/VfsRelativePath;Lorg/gradle/internal/snapshot/CaseSensitivity;Lor
Event: 34.069 Thread 0x0000014cd93ee920 DEOPT PACKING pc=0x0000014cb9b78680 sp=0x0000004c761fc020
Event: 34.069 Thread 0x0000014cd93ee920 DEOPT UNPACKING pc=0x0000014cb8e2a1a3 sp=0x0000004c761fbfe0 mode 2
Event: 34.296 Thread 0x0000014cd97cc660 Uncommon trap: trap_request=0xffffffc6 fr.pc=0x0000014cb9b78680 relative=0x0000000000000560
Event: 34.296 Thread 0x0000014cd97cc660 Uncommon trap: reason=bimorphic_or_optimized_type_check action=maybe_recompile pc=0x0000014cb9b78680 method=org.gradle.internal.snapshot.LargeChildMap.withNode(Lorg/gradle/internal/snapshot/VfsRelativePath;Lorg/gradle/internal/snapshot/CaseSensitivity;Lor
Event: 34.296 Thread 0x0000014cd97cc660 DEOPT PACKING pc=0x0000014cb9b78680 sp=0x0000004c75cfba00
Event: 34.296 Thread 0x0000014cd97cc660 DEOPT UNPACKING pc=0x0000014cb8e2a1a3 sp=0x0000004c75cfb9c0 mode 2
Event: 34.308 Thread 0x0000014cd97cc660 Uncommon trap: trap_request=0xffffffc6 fr.pc=0x0000014cb9b78680 relative=0x0000000000000560
Event: 34.308 Thread 0x0000014cd97cc660 Uncommon trap: reason=bimorphic_or_optimized_type_check action=maybe_recompile pc=0x0000014cb9b78680 method=org.gradle.internal.snapshot.LargeChildMap.withNode(Lorg/gradle/internal/snapshot/VfsRelativePath;Lorg/gradle/internal/snapshot/CaseSensitivity;Lor
Event: 34.308 Thread 0x0000014cd97cc660 DEOPT PACKING pc=0x0000014cb9b78680 sp=0x0000004c75cfb550
Event: 34.308 Thread 0x0000014cd97cc660 DEOPT UNPACKING pc=0x0000014cb8e2a1a3 sp=0x0000004c75cfb510 mode 2
Event: 34.379 Thread 0x0000014cd67a6060 Uncommon trap: trap_request=0xffffff45 fr.pc=0x0000014cb9cd31e8 relative=0x0000000000002588
Event: 34.379 Thread 0x0000014cd67a6060 Uncommon trap: reason=unstable_if action=reinterpret pc=0x0000014cb9cd31e8 method=sun.nio.fs.WindowsPath.relativize(Ljava/nio/file/Path;)Lsun/nio/fs/WindowsPath; @ 10 c2
Event: 34.379 Thread 0x0000014cd67a6060 DEOPT PACKING pc=0x0000014cb9cd31e8 sp=0x0000004c7c3fdd80
Event: 34.379 Thread 0x0000014cd67a6060 DEOPT UNPACKING pc=0x0000014cb8e2a1a3 sp=0x0000004c7c3fdd50 mode 2
Event: 34.379 Thread 0x0000014cd67a6060 Uncommon trap: trap_request=0xffffff45 fr.pc=0x0000014cb9c7a830 relative=0x00000000000006d0
Event: 34.379 Thread 0x0000014cd67a6060 Uncommon trap: reason=unstable_if action=reinterpret pc=0x0000014cb9c7a830 method=java.lang.String.regionMatches(ZILjava/lang/String;II)Z @ 21 c2
Event: 34.379 Thread 0x0000014cd67a6060 DEOPT PACKING pc=0x0000014cb9c7a830 sp=0x0000004c7c3fdba0
Event: 34.379 Thread 0x0000014cd67a6060 DEOPT UNPACKING pc=0x0000014cb8e2a1a3 sp=0x0000004c7c3fdb18 mode 2

Classes unloaded (0 events):
No events

Classes redefined (0 events):
No events

Internal exceptions (20 events):
Event: 31.282 Thread 0x0000014cdacbeb10 Exception <a 'sun/nio/fs/WindowsException'{0x00000006f57331c8}> (0x00000006f57331c8) 
thrown [s\src\hotspot\share\prims\jni.cpp, line 517]
Event: 31.731 Thread 0x0000014cdacbeb10 Exception <a 'java/lang/NoSuchMethodError'{0x00000006f443f0b0}: 'java.lang.Object java.lang.invoke.DirectMethodHandle$Holder.invokeStaticInit(java.lang.Object, java.lang.Object, java.lang.Object, java.lang.Object, java.lang.Object, java.lang.Object, java.lang.Object, java.lang.Object, java.lang.Object, java.lang.Object, java.lang.Object, java.lang.Object, java.lang.Object, java.lang.Object, java.lang.Object, java.lang.Object, java.lang.Object, java.lang.Object, java.lang.Object, java.lang.Object, int, java
Event: 31.814 Thread 0x0000014cdacbeb10 Exception <a 'java/lang/IncompatibleClassChangeError'{0x00000006f45f5110}: Found class java.lang.Object, but interface was expected> (0x00000006f45f5110) 
thrown [s\src\hotspot\share\interpreter\linkResolver.cpp, line 838]
Event: 31.997 Thread 0x0000014cdacbeb10 Exception <a 'java/lang/NoSuchMethodError'{0x00000006f42c6588}: 'java.lang.Object java.lang.invoke.DirectMethodHandle$Holder.newInvokeSpecial(java.lang.Object, long)'> (0x00000006f42c6588) 
thrown [s\src\hotspot\share\interpreter\linkResolver.cpp, line 771]
Event: 32.333 Thread 0x0000014cdacbeb10 Exception <a 'java/lang/NoSuchMethodError'{0x00000006f3b9fb40}: 'void java.lang.invoke.DirectMethodHandle$Holder.invokeStatic(java.lang.Object, java.lang.Object, java.lang.Object, int)'> (0x00000006f3b9fb40) 
thrown [s\src\hotspot\share\interpreter\linkResolver.cpp, line 771]
Event: 32.669 Thread 0x0000014cdacbeb10 Exception <a 'java/lang/NoSuchMethodError'{0x00000006f288e700}: 'java.lang.Object java.lang.invoke.DirectMethodHandle$Holder.invokeStatic(java.lang.Object, int, java.lang.Object, java.lang.Object)'> (0x00000006f288e700) 
thrown [s\src\hotspot\share\interpreter\linkResolver.cpp, line 771]
Event: 32.672 Thread 0x0000014cdacbeb10 Exception <a 'java/lang/NoSuchMethodError'{0x00000006f28a3920}: 'java.lang.Object java.lang.invoke.DirectMethodHandle$Holder.invokeStatic(java.lang.Object, java.lang.Object, int, java.lang.Object, java.lang.Object)'> (0x00000006f28a3920) 
thrown [s\src\hotspot\share\interpreter\linkResolver.cpp, line 771]
Event: 33.020 Thread 0x0000014cdacbeb10 Exception <a 'java/lang/IncompatibleClassChangeError'{0x00000006f22bd658}: Found class java.lang.Object, but interface was expected> (0x00000006f22bd658) 
thrown [s\src\hotspot\share\interpreter\linkResolver.cpp, line 838]
Event: 33.078 Thread 0x0000014cdacbeb10 Exception <a 'java/lang/IncompatibleClassChangeError'{0x00000006f1d20270}: Found class java.lang.Object, but interface was expected> (0x00000006f1d20270) 
thrown [s\src\hotspot\share\interpreter\linkResolver.cpp, line 838]
Event: 33.079 Thread 0x0000014cdacbeb10 Exception <a 'java/lang/IncompatibleClassChangeError'{0x00000006f1d2be98}: Found class java.lang.Object, but interface was expected> (0x00000006f1d2be98) 
thrown [s\src\hotspot\share\interpreter\linkResolver.cpp, line 838]
Event: 33.209 Thread 0x0000014cdacbeb10 Exception <a 'java/lang/NoSuchMethodError'{0x00000006f1a58820}: 'void java.lang.invoke.DirectMethodHandle$Holder.invokeSpecial(java.lang.Object, java.lang.Object, int, java.lang.Object)'> (0x00000006f1a58820) 
thrown [s\src\hotspot\share\interpreter\linkResolver.cpp, line 771]
Event: 33.336 Thread 0x0000014cdacbeb10 Exception <a 'java/lang/NoSuchMethodError'{0x00000006f1789f08}: 'int java.lang.invoke.DirectMethodHandle$Holder.invokeSpecial(java.lang.Object, java.lang.Object, java.lang.Object, int)'> (0x00000006f1789f08) 
thrown [s\src\hotspot\share\interpreter\linkResolver.cpp, line 771]
Event: 33.350 Thread 0x0000014cdacbeb10 Exception <a 'java/lang/NoSuchMethodError'{0x00000006f10078f8}: 'int java.lang.invoke.DirectMethodHandle$Holder.invokeSpecial(java.lang.Object, java.lang.Object, java.lang.Object, int, java.lang.Object)'> (0x00000006f10078f8) 
thrown [s\src\hotspot\share\interpreter\linkResolver.cpp, line 771]
Event: 33.781 Thread 0x0000014cdacbeb10 Exception <a 'java/lang/NoSuchMethodError'{0x00000006f0517f58}: 'java.lang.Object java.lang.invoke.DirectMethodHandle$Holder.newInvokeSpecial(java.lang.Object, java.lang.Object, int, java.lang.Object, java.lang.Object, java.lang.Object)'> (0x00000006f0517f58) 
thrown [s\src\hotspot\share\interpreter\linkResolver.cpp, line 771]
Event: 33.782 Thread 0x0000014cdacbeb10 Exception <a 'java/lang/NoSuchMethodError'{0x00000006f051f9d0}: 'java.lang.Object java.lang.invoke.Invokers$Holder.linkToTargetMethod(java.lang.Object, int, java.lang.Object, java.lang.Object, java.lang.Object, java.lang.Object)'> (0x00000006f051f9d0) 
thrown [s\src\hotspot\share\interpreter\linkResolver.cpp, line 771]
Event: 33.782 Thread 0x0000014cdacbeb10 Exception <a 'java/lang/NoSuchMethodError'{0x00000006f0523d08}: 'void java.lang.invoke.DirectMethodHandle$Holder.invokeSpecial(java.lang.Object, java.lang.Object, java.lang.Object, int, java.lang.Object, java.lang.Object, java.lang.Object, java.lang.Object)'> (0x00000006f0523d08) 
thrown [s\src\hotspot\share\interpreter\linkResolver.cpp, line 771]
Event: 33.786 Thread 0x0000014cdacbeb10 Exception <a 'java/lang/NoSuchMethodError'{0x00000006f0547ed0}: 'void java.lang.invoke.DirectMethodHandle$Holder.invokeStatic(java.lang.Object, java.lang.Object, java.lang.Object, java.lang.Object, java.lang.Object, java.lang.Object, java.lang.Object, java.lang.Object)'> (0x00000006f0547ed0) 
thrown [s\src\hotspot\share\interpreter\linkResolver.cpp, line 771]
Event: 33.884 Thread 0x0000014cdacbeb10 Exception <a 'java/lang/IncompatibleClassChangeError'{0x00000006f020b0d0}: Found class java.lang.Object, but interface was expected> (0x00000006f020b0d0) 
thrown [s\src\hotspot\share\interpreter\linkResolver.cpp, line 838]
Event: 33.953 Thread 0x0000014cdacbeb10 Exception <a 'java/lang/NoSuchMethodError'{0x00000006efc84e60}: 'void java.lang.invoke.DirectMethodHandle$Holder.invokeSpecial(java.lang.Object, java.lang.Object, int)'> (0x00000006efc84e60) 
thrown [s\src\hotspot\share\interpreter\linkResolver.cpp, line 771]
Event: 33.998 Thread 0x0000014cdacbeb10 Exception <a 'sun/nio/fs/WindowsException'{0x00000006efd7e208}> (0x00000006efd7e208) 
thrown [s\src\hotspot\share\prims\jni.cpp, line 517]

VM Operations (20 events):
Event: 31.313 Executing VM operation: HandshakeAllThreads
Event: 31.314 Executing VM operation: HandshakeAllThreads done
Event: 31.431 Executing VM operation: HandshakeAllThreads
Event: 31.432 Executing VM operation: HandshakeAllThreads done
Event: 31.760 Executing VM operation: HandshakeAllThreads
Event: 31.761 Executing VM operation: HandshakeAllThreads done
Event: 32.462 Executing VM operation: HandshakeAllThreads
Event: 32.463 Executing VM operation: HandshakeAllThreads done
Event: 32.463 Executing VM operation: Cleanup
Event: 32.463 Executing VM operation: Cleanup done
Event: 32.467 Executing VM operation: HandshakeAllThreads
Event: 32.468 Executing VM operation: HandshakeAllThreads done
Event: 33.283 Executing VM operation: HandshakeAllThreads
Event: 33.283 Executing VM operation: HandshakeAllThreads done
Event: 33.290 Executing VM operation: HandshakeAllThreads
Event: 33.291 Executing VM operation: HandshakeAllThreads done
Event: 33.626 Executing VM operation: ICBufferFull
Event: 33.626 Executing VM operation: ICBufferFull done
Event: 34.096 Executing VM operation: G1CollectForAllocation
Event: 34.116 Executing VM operation: G1CollectForAllocation done

Events (20 events):
Event: 32.880 Thread 0x0000014cda6696e0 Thread exited: 0x0000014cda6696e0
Event: 33.280 loading class java/util/SortedSet$1
Event: 33.280 loading class java/util/SortedSet$1 done
Event: 33.286 loading class java/util/stream/SliceOps
Event: 33.287 loading class java/util/stream/SliceOps done
Event: 33.287 loading class java/util/stream/SliceOps$1
Event: 33.287 loading class java/util/stream/SliceOps$1 done
Event: 33.291 loading class java/util/stream/SliceOps$1$1
Event: 33.292 loading class java/util/stream/SliceOps$1$1 done
Event: 33.390 loading class java/util/IdentityHashMap$ValueIterator
Event: 33.390 loading class java/util/IdentityHashMap$ValueIterator done
Event: 33.918 loading class java/nio/ShortBuffer
Event: 33.918 loading class java/nio/ShortBuffer done
Event: 33.924 Thread 0x0000014cd4a1aff0 Thread exited: 0x0000014cd4a1aff0
Event: 33.955 loading class java/nio/ByteBufferAsShortBufferL
Event: 33.955 loading class java/nio/ByteBufferAsShortBufferL done
Event: 33.994 loading class java/util/zip/Adler32
Event: 33.994 loading class java/util/zip/Adler32 done
Event: 34.055 Thread 0x0000014cd4a20b10 Thread added: 0x0000014cd4a20b10
Event: 34.065 Thread 0x0000014cd4a1d870 Thread added: 0x0000014cd4a1d870


Dynamic libraries:
0x00007ff667000000 - 0x00007ff66700a000 	C:\Program Files\Android\Android Studio\jbr\bin\java.exe
0x00007ff9a5c70000 - 0x00007ff9a5e87000 	C:\WINDOWS\SYSTEM32\ntdll.dll
0x00007ff979d00000 - 0x00007ff979d1a000 	C:\Program Files\AVG\Antivirus\aswhook.dll
0x00007ff9a4760000 - 0x00007ff9a4824000 	C:\WINDOWS\System32\KERNEL32.DLL
0x00007ff9a3060000 - 0x00007ff9a341a000 	C:\WINDOWS\System32\KERNELBASE.dll
0x00007ff9a2f40000 - 0x00007ff9a3051000 	C:\WINDOWS\System32\ucrtbase.dll
0x00007ff97d180000 - 0x00007ff97d197000 	C:\Program Files\Android\Android Studio\jbr\bin\jli.dll
0x00007ff9986c0000 - 0x00007ff9986db000 	C:\Program Files\Android\Android Studio\jbr\bin\VCRUNTIME140.dll
0x00007ff9a4a50000 - 0x00007ff9a4bfe000 	C:\WINDOWS\System32\USER32.dll
0x00007ff9a34d0000 - 0x00007ff9a34f6000 	C:\WINDOWS\System32\win32u.dll
0x00007ff988d00000 - 0x00007ff988f92000 	C:\WINDOWS\WinSxS\amd64_microsoft.windows.common-controls_6595b64144ccf1df_6.0.22621.4541_none_2710d1c57384c085\COMCTL32.dll
0x00007ff9a4330000 - 0x00007ff9a4359000 	C:\WINDOWS\System32\GDI32.dll
0x00007ff9a4830000 - 0x00007ff9a48d7000 	C:\WINDOWS\System32\msvcrt.dll
0x00007ff9a3730000 - 0x00007ff9a384b000 	C:\WINDOWS\System32\gdi32full.dll
0x00007ff9a3850000 - 0x00007ff9a38ea000 	C:\WINDOWS\System32\msvcp_win.dll
0x00007ff9a41d0000 - 0x00007ff9a4201000 	C:\WINDOWS\System32\IMM32.DLL
0x00007ff99f310000 - 0x00007ff99f31c000 	C:\Program Files\Android\Android Studio\jbr\bin\vcruntime140_1.dll
0x00007ff97eca0000 - 0x00007ff97ed2d000 	C:\Program Files\Android\Android Studio\jbr\bin\msvcp140.dll
0x00007ff8dc0b0000 - 0x00007ff8dcd30000 	C:\Program Files\Android\Android Studio\jbr\bin\server\jvm.dll
0x00007ff9a5480000 - 0x00007ff9a5532000 	C:\WINDOWS\System32\ADVAPI32.dll
0x00007ff9a5990000 - 0x00007ff9a5a37000 	C:\WINDOWS\System32\sechost.dll
0x00007ff9a34a0000 - 0x00007ff9a34c8000 	C:\WINDOWS\System32\bcrypt.dll
0x00007ff9a4450000 - 0x00007ff9a4564000 	C:\WINDOWS\System32\RPCRT4.dll
0x00007ff985850000 - 0x00007ff985859000 	C:\WINDOWS\SYSTEM32\WSOCK32.dll
0x00007ff99d080000 - 0x00007ff99d08a000 	C:\WINDOWS\SYSTEM32\VERSION.dll
0x00007ff99d180000 - 0x00007ff99d1b4000 	C:\WINDOWS\SYSTEM32\WINMM.dll
0x00007ff9a3ef0000 - 0x00007ff9a3f61000 	C:\WINDOWS\System32\WS2_32.dll
0x00007ff9a1f40000 - 0x00007ff9a1f58000 	C:\WINDOWS\SYSTEM32\kernel.appcore.dll
0x00007ff997610000 - 0x00007ff99761a000 	C:\Program Files\Android\Android Studio\jbr\bin\jimage.dll
0x00007ff9a0780000 - 0x00007ff9a09b2000 	C:\WINDOWS\SYSTEM32\DBGHELP.DLL
0x00007ff9a5540000 - 0x00007ff9a58cf000 	C:\WINDOWS\System32\combase.dll
0x00007ff9a4680000 - 0x00007ff9a4757000 	C:\WINDOWS\System32\OLEAUT32.dll
0x00007ff999060000 - 0x00007ff999092000 	C:\WINDOWS\SYSTEM32\dbgcore.DLL
0x00007ff9a3420000 - 0x00007ff9a349b000 	C:\WINDOWS\System32\bcryptPrimitives.dll
0x00007ff987fe0000 - 0x00007ff987fee000 	C:\Program Files\Android\Android Studio\jbr\bin\instrument.dll
0x00007ff98c0e0000 - 0x00007ff98c105000 	C:\Program Files\Android\Android Studio\jbr\bin\java.dll
0x00007ff987ff0000 - 0x00007ff988008000 	C:\Program Files\Android\Android Studio\jbr\bin\zip.dll
0x00007ff9a4c00000 - 0x00007ff9a5478000 	C:\WINDOWS\System32\SHELL32.dll
0x00007ff9a0e30000 - 0x00007ff9a1738000 	C:\WINDOWS\SYSTEM32\windows.storage.dll
0x00007ff9a0cf0000 - 0x00007ff9a0e2f000 	C:\WINDOWS\SYSTEM32\wintypes.dll
0x00007ff9a4570000 - 0x00007ff9a466a000 	C:\WINDOWS\System32\SHCORE.dll
0x00007ff9a43f0000 - 0x00007ff9a444e000 	C:\WINDOWS\System32\shlwapi.dll
0x00007ff9a2e70000 - 0x00007ff9a2e9b000 	C:\WINDOWS\SYSTEM32\profapi.dll
0x00007ff987f70000 - 0x00007ff987f89000 	C:\Program Files\Android\Android Studio\jbr\bin\net.dll
0x00007ff99d6d0000 - 0x00007ff99d806000 	C:\WINDOWS\SYSTEM32\WINHTTP.dll
0x00007ff9a23b0000 - 0x00007ff9a2419000 	C:\WINDOWS\system32\mswsock.dll
0x00007ff986c20000 - 0x00007ff986c36000 	C:\Program Files\Android\Android Studio\jbr\bin\nio.dll
0x00007ff9975b0000 - 0x00007ff9975c0000 	C:\Program Files\Android\Android Studio\jbr\bin\verify.dll
0x00007ff988050000 - 0x00007ff988077000 	C:\Users\LENOVO\.gradle\native\68d5fa5c4cc2d200863cafc0d521ce42e7d3e7ee720ec0a83991735586a16f82\windows-amd64\native-platform.dll
0x00007ff9332c0000 - 0x00007ff933404000 	C:\Users\LENOVO\.gradle\native\e376f236ea51e6404a007f0833ffe2c6e607c4080706a723a18a27aeea778392\windows-amd64\native-platform-file-events.dll
0x00007ff98c0d0000 - 0x00007ff98c0d9000 	C:\Program Files\Android\Android Studio\jbr\bin\management.dll
0x00007ff98bba0000 - 0x00007ff98bbab000 	C:\Program Files\Android\Android Studio\jbr\bin\management_ext.dll
0x00007ff9a5a60000 - 0x00007ff9a5a68000 	C:\WINDOWS\System32\PSAPI.DLL
0x00007ff9a26c0000 - 0x00007ff9a26db000 	C:\WINDOWS\SYSTEM32\CRYPTSP.dll
0x00007ff9a1ea0000 - 0x00007ff9a1ed5000 	C:\WINDOWS\system32\rsaenh.dll
0x00007ff9a2450000 - 0x00007ff9a2478000 	C:\WINDOWS\SYSTEM32\USERENV.dll
0x00007ff9a25b0000 - 0x00007ff9a25bc000 	C:\WINDOWS\SYSTEM32\CRYPTBASE.dll
0x00007ff9a19a0000 - 0x00007ff9a19cd000 	C:\WINDOWS\SYSTEM32\IPHLPAPI.DLL
0x00007ff9a4670000 - 0x00007ff9a4679000 	C:\WINDOWS\System32\NSI.dll
0x00007ff99daf0000 - 0x00007ff99db09000 	C:\WINDOWS\SYSTEM32\dhcpcsvc6.DLL
0x00007ff99d500000 - 0x00007ff99d51f000 	C:\WINDOWS\SYSTEM32\dhcpcsvc.DLL
0x00007ff9a1a10000 - 0x00007ff9a1b12000 	C:\WINDOWS\SYSTEM32\DNSAPI.dll
0x00007ff99e660000 - 0x00007ff99e668000 	C:\WINDOWS\system32\wshunix.dll
0x00007ff97e2b0000 - 0x00007ff97e2c7000 	C:\WINDOWS\system32\napinsp.dll
0x00007ff97c3d0000 - 0x00007ff97c3eb000 	C:\WINDOWS\system32\pnrpnsp.dll
0x00007ff97c3b0000 - 0x00007ff97c3c1000 	C:\WINDOWS\System32\winrnr.dll
0x00007ff99ceb0000 - 0x00007ff99cec5000 	C:\WINDOWS\system32\wshbth.dll
0x00007ff97c380000 - 0x00007ff97c3a7000 	C:\WINDOWS\system32\nlansp_c.dll
0x00007ff99acd0000 - 0x00007ff99acda000 	C:\Windows\System32\rasadhlp.dll
0x00007ff99ad30000 - 0x00007ff99adb3000 	C:\WINDOWS\System32\fwpuclnt.dll
0x00007ff998680000 - 0x00007ff998687000 	C:\Program Files\Android\Android Studio\jbr\bin\rmi.dll
0x00007ff9a2050000 - 0x00007ff9a2084000 	C:\WINDOWS\SYSTEM32\ntmarta.dll

dbghelp: loaded successfully - version: 4.0.5 - missing functions: none
symbol engine: initialized successfully - sym options: 0x614 - pdb path: .;C:\Program Files\Android\Android Studio\jbr\bin;C:\WINDOWS\SYSTEM32;C:\Program Files\AVG\Antivirus;C:\WINDOWS\WinSxS\amd64_microsoft.windows.common-controls_6595b64144ccf1df_6.0.22621.4541_none_2710d1c57384c085;C:\Program Files\Android\Android Studio\jbr\bin\server;C:\Users\LENOVO\.gradle\native\68d5fa5c4cc2d200863cafc0d521ce42e7d3e7ee720ec0a83991735586a16f82\windows-amd64;C:\Users\LENOVO\.gradle\native\e376f236ea51e6404a007f0833ffe2c6e607c4080706a723a18a27aeea778392\windows-amd64

VM Arguments:
jvm_args: --add-opens=java.base/java.util=ALL-UNNAMED --add-opens=java.base/java.lang=ALL-UNNAMED --add-opens=java.base/java.lang.invoke=ALL-UNNAMED --add-opens=java.prefs/java.util.prefs=ALL-UNNAMED --add-opens=java.base/java.nio.charset=ALL-UNNAMED --add-opens=java.base/java.net=ALL-UNNAMED --add-opens=java.base/java.util.concurrent.atomic=ALL-UNNAMED -Xmx4608m -Dfile.encoding=UTF-8 -Duser.country=US -Duser.language=en -Duser.variant -javaagent:C:\Users\LENOVO\.gradle\wrapper\dists\gradle-8.2-bin\bbg7u40eoinfdyxsxr3z4i7ta\gradle-8.2\lib\agents\gradle-instrumentation-agent-8.2.jar 
java_command: org.gradle.launcher.daemon.bootstrap.GradleDaemon 8.2
java_class_path (initial): C:\Users\LENOVO\.gradle\wrapper\dists\gradle-8.2-bin\bbg7u40eoinfdyxsxr3z4i7ta\gradle-8.2\lib\gradle-launcher-8.2.jar
Launcher Type: SUN_STANDARD

[Global flags]
     intx CICompilerCount                          = 4                                         {product} {ergonomic}
     uint ConcGCThreads                            = 2                                         {product} {ergonomic}
     uint G1ConcRefinementThreads                  = 8                                         {product} {ergonomic}
   size_t G1HeapRegionSize                         = 4194304                                   {product} {ergonomic}
    uintx GCDrainStackTargetSize                   = 64                                        {product} {ergonomic}
   size_t InitialHeapSize                          = 335544320                                 {product} {ergonomic}
   size_t MarkStackSize                            = 4194304                                   {product} {ergonomic}
   size_t MaxHeapSize                              = 4831838208                                {product} {command line}
   size_t MaxNewSize                               = 2898264064                                {product} {ergonomic}
   size_t MinHeapDeltaBytes                        = 4194304                                   {product} {ergonomic}
   size_t MinHeapSize                              = 8388608                                   {product} {ergonomic}
    uintx NonNMethodCodeHeapSize                   = 5839372                                {pd product} {ergonomic}
    uintx NonProfiledCodeHeapSize                  = 122909434                              {pd product} {ergonomic}
    uintx ProfiledCodeHeapSize                     = 122909434                              {pd product} {ergonomic}
    uintx ReservedCodeCacheSize                    = 251658240                              {pd product} {ergonomic}
     bool SegmentedCodeCache                       = true                                      {product} {ergonomic}
   size_t SoftMaxHeapSize                          = 4831838208                             {manageable} {ergonomic}
     bool UseCompressedClassPointers               = true                           {product lp64_product} {ergonomic}
     bool UseCompressedOops                        = true                           {product lp64_product} {ergonomic}
     bool UseG1GC                                  = true                                      {product} {ergonomic}
     bool UseLargePagesIndividualAllocation        = false                                  {pd product} {ergonomic}

Logging:
Log output configuration:
 #0: stdout all=warning uptime,level,tags
 #1: stderr all=off uptime,level,tags

Environment Variables:
JAVA_HOME=C:\Program Files\Java\jdk-1.8
PATH=C:\Program Files (x86)\Common Files\Oracle\Java\java8path;C:\Program Files (x86)\Common Files\Oracle\Java\javapath;C:\Program Files\Microsoft SDKs\Azure\CLI2\wbin;C:\Windows\system32;C:\Windows;C:\Windows\System32\Wbem;C:\Windows\System32\WindowsPowerShell\v1.0\;C:\Windows\System32\OpenSSH\;C:\Program Files (x86)\NVIDIA Corporation\PhysX\Common;C:\WINDOWS\system32;C:\WINDOWS;C:\WINDOWS\System32\Wbem;C:\WINDOWS\System32\WindowsPowerShell\v1.0\;C:\WINDOWS\System32\OpenSSH\;C:\ProgramData\ComposerSetup\bin;C:\Program Files\nodejs\;C:\Program Files\dotnet\;C:\Java\jdk-1.8\bin;C:\hadoop\bin;C:\hadoop\sbin;C:\Users\LENOVO\.config\herd\bin\nvm;C:\Program Files\nodejs;F:\xampp\php;C:\php-8.3.8;C:\Program Files\NVIDIA Corporation\NVIDIA app\NvDLISR;C:\Program Files\Git\cmd;C:\Users\LENOVO\AppData\Local\Programs\Python\Launcher\;C:\Users\LENOVO\AppData\Local\Microsoft\WindowsApps;C:\Users\LENOVO\AppData\Local\Programs\Microsoft VS Code\bin;C:\Users\LENOVO\AppData\Roaming\Composer\vendor\bin;C:\flutter\bin;C:\Users\LENOVO\AppData\Roaming\npm;C:\Users\LENOVO\AppData\Local\GitHubDesktop\bin;C:\Users\LENOVO\.dotnet\tools;F:\mongosh-2.2.5-win32-x64\bin
USERNAME=LENOVO
OS=Windows_NT
PROCESSOR_IDENTIFIER=Intel64 Family 6 Model 140 Stepping 1, GenuineIntel
TMP=C:\Users\LENOVO\AppData\Local\Temp
TEMP=C:\Users\LENOVO\AppData\Local\Temp


JNI global refs:
JNI global refs: 28, weak refs: 5

JNI global refs memory usage: 843, weak refs: 841

OOME stack traces (most recent first):
Classloader memory used:
